2019-10-17 21:21:33,788 [Worker-17] INFO  o.e.m.c.i.l.LifecycleMappingFactory - Using org.eclipse.m2e.jdt.JarLifecycleMapping lifecycle mapping for MavenProject: com.bigdata2017:smartcarlog:0.0.1-SNAPSHOT @ D:\Bigdata_Project\Final_project\Source\smartmeter_1\smartcarlog-master\pom.xml.
2019-10-17 21:21:34,306 [Worker-17] INFO  o.e.m.c.i.embedder.EclipseLogger - Using 'UTF-8' encoding to copy filtered resources.
2019-10-17 21:21:34,306 [Worker-17] INFO  o.e.m.c.i.embedder.EclipseLogger - skip non existing resourceDirectory D:\Bigdata_Project\Final_project\Source\smartmeter_1\smartcarlog-master\src\main\resources
2019-10-17 21:21:34,308 [Worker-17] INFO  o.e.m.c.i.embedder.EclipseLogger - Using 'UTF-8' encoding to copy filtered resources.
2019-10-17 21:21:34,308 [Worker-17] INFO  o.e.m.c.i.embedder.EclipseLogger - skip non existing resourceDirectory D:\Bigdata_Project\Final_project\Source\smartmeter_1\smartcarlog-master\src\test\resources
2019-10-17 21:21:35,631 [Worker-4] INFO  o.e.m.c.i.l.LifecycleMappingFactory - Using org.eclipse.m2e.jdt.JarLifecycleMapping lifecycle mapping for MavenProject: com.bigdata2017:smartcarlog:0.0.1-SNAPSHOT @ D:\Bigdata_Project\Final_project\Source\smartmeter_1\smartcarlog-master\pom.xml.
2019-10-17 21:21:36,783 [Worker-9] INFO  o.e.m.c.i.embedder.EclipseLogger - Using 'UTF-8' encoding to copy filtered resources.
2019-10-17 21:21:36,783 [Worker-9] INFO  o.e.m.c.i.embedder.EclipseLogger - skip non existing resourceDirectory D:\Bigdata_Project\Final_project\Source\smartmeter_1\smartcarlog-master\src\main\resources
2019-10-17 21:21:36,784 [Worker-9] INFO  o.e.m.c.i.embedder.EclipseLogger - Using 'UTF-8' encoding to copy filtered resources.
2019-10-17 21:21:36,784 [Worker-9] INFO  o.e.m.c.i.embedder.EclipseLogger - skip non existing resourceDirectory D:\Bigdata_Project\Final_project\Source\smartmeter_1\smartcarlog-master\src\test\resources
2019-10-17 21:24:09,962 [Worker-14] INFO  o.e.m.c.i.embedder.EclipseLogger - Using 'UTF-8' encoding to copy filtered resources.
2019-10-17 21:24:09,962 [Worker-14] INFO  o.e.m.c.i.embedder.EclipseLogger - skip non existing resourceDirectory D:\Bigdata_Project\Final_project\Source\smartmeter_1\smartcarlog-master\src\main\resources
2019-10-17 21:24:09,963 [Worker-14] INFO  o.e.m.c.i.embedder.EclipseLogger - Using 'UTF-8' encoding to copy filtered resources.
2019-10-17 21:24:09,963 [Worker-14] INFO  o.e.m.c.i.embedder.EclipseLogger - skip non existing resourceDirectory D:\Bigdata_Project\Final_project\Source\smartmeter_1\smartcarlog-master\src\test\resources
2019-10-17 21:25:18,816 [Worker-11] WARN  o.e.r.models.ModelRepository - Failed to download org.eclipse.recommenders:index::zip:0.0.0
org.eclipse.aether.resolution.ArtifactResolutionException: Could not find artifact org.eclipse.recommenders:index:zip:0.0.0-SNAPSHOT in models (http://download.eclipse.org/recommenders/models/neon/)
	at org.eclipse.aether.internal.impl.DefaultArtifactResolver.resolve(DefaultArtifactResolver.java:444) ~[na:na]
	at org.eclipse.aether.internal.impl.DefaultArtifactResolver.resolveArtifacts(DefaultArtifactResolver.java:246) ~[na:na]
	at org.eclipse.aether.internal.impl.DefaultArtifactResolver.resolveArtifact(DefaultArtifactResolver.java:223) ~[na:na]
	at org.eclipse.aether.internal.impl.DefaultRepositorySystem.resolveArtifact(DefaultRepositorySystem.java:294) ~[na:na]
	at org.eclipse.recommenders.models.ModelRepository.resolveInternal(ModelRepository.java:193) [org.eclipse.recommenders.models_2.4.6.v20170307-1041.jar:na]
	at org.eclipse.recommenders.models.ModelRepository.resolve(ModelRepository.java:172) [org.eclipse.recommenders.models_2.4.6.v20170307-1041.jar:na]
	at org.eclipse.recommenders.internal.models.rcp.EclipseModelRepository.resolve(EclipseModelRepository.java:169) [org.eclipse.recommenders.models.rcp_2.4.6.v20170307-1041.jar:na]
	at org.eclipse.recommenders.internal.models.rcp.DownloadModelArchiveJob.run(DownloadModelArchiveJob.java:76) [org.eclipse.recommenders.models.rcp_2.4.6.v20170307-1041.jar:na]
	at org.eclipse.core.internal.jobs.Worker.run(Worker.java:55) [org.eclipse.core.jobs_3.8.0.v20160509-0411.jar:na]
Caused by: org.eclipse.aether.transfer.ArtifactNotFoundException: Could not find artifact org.eclipse.recommenders:index:zip:0.0.0-SNAPSHOT in models (http://download.eclipse.org/recommenders/models/neon/)
	at org.eclipse.aether.connector.basic.ArtifactTransportListener.transferFailed(ArtifactTransportListener.java:39) ~[org.eclipse.aether.connector.basic_1.0.1.v20141111.jar:na]
	at org.eclipse.aether.connector.basic.BasicRepositoryConnector$TaskRunner.run(BasicRepositoryConnector.java:355) ~[org.eclipse.aether.connector.basic_1.0.1.v20141111.jar:na]
	at org.eclipse.aether.util.concurrency.RunnableErrorForwarder$1.run(RunnableErrorForwarder.java:67) ~[na:na]
	at org.eclipse.aether.connector.basic.BasicRepositoryConnector$DirectExecutor.execute(BasicRepositoryConnector.java:581) ~[org.eclipse.aether.connector.basic_1.0.1.v20141111.jar:na]
	at org.eclipse.aether.connector.basic.BasicRepositoryConnector.get(BasicRepositoryConnector.java:249) ~[org.eclipse.aether.connector.basic_1.0.1.v20141111.jar:na]
	at org.eclipse.aether.internal.impl.DefaultArtifactResolver.performDownloads(DefaultArtifactResolver.java:520) ~[na:na]
	at org.eclipse.aether.internal.impl.DefaultArtifactResolver.resolve(DefaultArtifactResolver.java:421) ~[na:na]
	... 8 common frames omitted
2019-10-17 21:25:36,785 [Worker-14] INFO  o.e.m.c.i.embedder.EclipseLogger - Using 'UTF-8' encoding to copy filtered resources.
2019-10-17 21:25:36,786 [Worker-14] INFO  o.e.m.c.i.embedder.EclipseLogger - skip non existing resourceDirectory D:\Bigdata_Project\Final_project\Source\smartmeter_1\smartcarlog-master\src\main\resources
2019-10-17 21:25:36,786 [Worker-14] INFO  o.e.m.c.i.embedder.EclipseLogger - Using 'UTF-8' encoding to copy filtered resources.
2019-10-17 21:25:36,786 [Worker-14] INFO  o.e.m.c.i.embedder.EclipseLogger - skip non existing resourceDirectory D:\Bigdata_Project\Final_project\Source\smartmeter_1\smartcarlog-master\src\test\resources
2019-10-17 21:30:27,458 [Worker-3] INFO  o.e.m.c.i.embedder.EclipseLogger - Using 'UTF-8' encoding to copy filtered resources.
2019-10-17 21:30:27,459 [Worker-3] INFO  o.e.m.c.i.embedder.EclipseLogger - skip non existing resourceDirectory D:\Bigdata_Project\Final_project\Source\smartmeter_1\smartcarlog-master\src\main\resources
2019-10-17 21:30:27,459 [Worker-3] INFO  o.e.m.c.i.embedder.EclipseLogger - Using 'UTF-8' encoding to copy filtered resources.
2019-10-17 21:30:27,459 [Worker-3] INFO  o.e.m.c.i.embedder.EclipseLogger - skip non existing resourceDirectory D:\Bigdata_Project\Final_project\Source\smartmeter_1\smartcarlog-master\src\test\resources
2019-10-17 21:45:47,842 [Worker-11] INFO  o.e.m.c.i.embedder.EclipseLogger - Using 'UTF-8' encoding to copy filtered resources.
2019-10-17 21:45:47,842 [Worker-11] INFO  o.e.m.c.i.embedder.EclipseLogger - skip non existing resourceDirectory D:\Bigdata_Project\Final_project\Source\smartmeter_1\smartcarlog-master\src\main\resources
2019-10-17 21:45:47,843 [Worker-11] INFO  o.e.m.c.i.embedder.EclipseLogger - Using 'UTF-8' encoding to copy filtered resources.
2019-10-17 21:45:47,844 [Worker-11] INFO  o.e.m.c.i.embedder.EclipseLogger - skip non existing resourceDirectory D:\Bigdata_Project\Final_project\Source\smartmeter_1\smartcarlog-master\src\test\resources
2019-10-17 21:49:50,394 [Worker-27] INFO  o.e.m.c.i.embedder.EclipseLogger - Using 'UTF-8' encoding to copy filtered resources.
2019-10-17 21:49:50,394 [Worker-27] INFO  o.e.m.c.i.embedder.EclipseLogger - skip non existing resourceDirectory D:\Bigdata_Project\Final_project\Source\smartmeter_1\smartcarlog-master\src\main\resources
2019-10-17 21:49:50,395 [Worker-27] INFO  o.e.m.c.i.embedder.EclipseLogger - Using 'UTF-8' encoding to copy filtered resources.
2019-10-17 21:49:50,395 [Worker-27] INFO  o.e.m.c.i.embedder.EclipseLogger - skip non existing resourceDirectory D:\Bigdata_Project\Final_project\Source\smartmeter_1\smartcarlog-master\src\test\resources
2019-10-17 21:52:21,395 [Worker-27] INFO  o.e.m.c.i.embedder.EclipseLogger - Using 'UTF-8' encoding to copy filtered resources.
2019-10-17 21:52:21,396 [Worker-27] INFO  o.e.m.c.i.embedder.EclipseLogger - skip non existing resourceDirectory D:\Bigdata_Project\Final_project\Source\smartmeter_1\smartcarlog-master\src\main\resources
2019-10-17 21:52:21,396 [Worker-27] INFO  o.e.m.c.i.embedder.EclipseLogger - Using 'UTF-8' encoding to copy filtered resources.
2019-10-17 21:52:21,396 [Worker-27] INFO  o.e.m.c.i.embedder.EclipseLogger - skip non existing resourceDirectory D:\Bigdata_Project\Final_project\Source\smartmeter_1\smartcarlog-master\src\test\resources
2019-10-17 21:55:49,432 [Worker-33] INFO  o.e.m.c.i.embedder.EclipseLogger - Using 'UTF-8' encoding to copy filtered resources.
2019-10-17 21:55:49,432 [Worker-33] INFO  o.e.m.c.i.embedder.EclipseLogger - skip non existing resourceDirectory D:\Bigdata_Project\Final_project\Source\smartmeter_1\smartcarlog-master\src\main\resources
2019-10-17 21:55:49,432 [Worker-33] INFO  o.e.m.c.i.embedder.EclipseLogger - Using 'UTF-8' encoding to copy filtered resources.
2019-10-17 21:55:49,432 [Worker-33] INFO  o.e.m.c.i.embedder.EclipseLogger - skip non existing resourceDirectory D:\Bigdata_Project\Final_project\Source\smartmeter_1\smartcarlog-master\src\test\resources
2019-10-18 09:39:24,161 [Worker-26] INFO  o.e.m.c.i.embedder.EclipseLogger - Using 'UTF-8' encoding to copy filtered resources.
2019-10-18 09:39:24,176 [Worker-26] INFO  o.e.m.c.i.embedder.EclipseLogger - skip non existing resourceDirectory D:\Bigdata_Project\Final_project\Source\smartmeter_1\smartcarlog-master\src\main\resources
2019-10-18 09:39:24,176 [Worker-26] INFO  o.e.m.c.i.embedder.EclipseLogger - Using 'UTF-8' encoding to copy filtered resources.
2019-10-18 09:39:24,176 [Worker-26] INFO  o.e.m.c.i.embedder.EclipseLogger - skip non existing resourceDirectory D:\Bigdata_Project\Final_project\Source\smartmeter_1\smartcarlog-master\src\test\resources
2019-10-18 09:43:32,182 [Worker-31] INFO  o.e.m.c.i.embedder.EclipseLogger - Using 'UTF-8' encoding to copy filtered resources.
2019-10-18 09:43:32,182 [Worker-31] INFO  o.e.m.c.i.embedder.EclipseLogger - skip non existing resourceDirectory D:\Bigdata_Project\Final_project\Source\smartmeter_1\smartcarlog-master\src\main\resources
2019-10-18 09:43:32,182 [Worker-31] INFO  o.e.m.c.i.embedder.EclipseLogger - Using 'UTF-8' encoding to copy filtered resources.
2019-10-18 09:43:32,182 [Worker-31] INFO  o.e.m.c.i.embedder.EclipseLogger - skip non existing resourceDirectory D:\Bigdata_Project\Final_project\Source\smartmeter_1\smartcarlog-master\src\test\resources
2019-10-18 09:55:17,942 [Worker-35] INFO  o.e.m.c.i.embedder.EclipseLogger - Using 'UTF-8' encoding to copy filtered resources.
2019-10-18 09:55:17,942 [Worker-35] INFO  o.e.m.c.i.embedder.EclipseLogger - skip non existing resourceDirectory D:\Bigdata_Project\Final_project\Source\smartmeter_1\smartcarlog-master\src\main\resources
2019-10-18 09:55:17,942 [Worker-35] INFO  o.e.m.c.i.embedder.EclipseLogger - Using 'UTF-8' encoding to copy filtered resources.
2019-10-18 09:55:17,942 [Worker-35] INFO  o.e.m.c.i.embedder.EclipseLogger - skip non existing resourceDirectory D:\Bigdata_Project\Final_project\Source\smartmeter_1\smartcarlog-master\src\test\resources
2019-10-18 10:08:14,917 [Worker-40] INFO  o.e.m.c.i.embedder.EclipseLogger - Using 'UTF-8' encoding to copy filtered resources.
2019-10-18 10:08:14,917 [Worker-40] INFO  o.e.m.c.i.embedder.EclipseLogger - skip non existing resourceDirectory D:\Bigdata_Project\Final_project\Source\smartmeter_1\smartcarlog-master\src\main\resources
2019-10-18 10:08:14,917 [Worker-40] INFO  o.e.m.c.i.embedder.EclipseLogger - Using 'UTF-8' encoding to copy filtered resources.
2019-10-18 10:08:14,917 [Worker-40] INFO  o.e.m.c.i.embedder.EclipseLogger - skip non existing resourceDirectory D:\Bigdata_Project\Final_project\Source\smartmeter_1\smartcarlog-master\src\test\resources
2019-10-18 10:14:38,016 [Worker-42] INFO  o.e.m.c.i.embedder.EclipseLogger - Using 'UTF-8' encoding to copy filtered resources.
2019-10-18 10:14:38,031 [Worker-42] INFO  o.e.m.c.i.embedder.EclipseLogger - skip non existing resourceDirectory D:\Bigdata_Project\Final_project\Source\smartmeter_1\smartcarlog-master\src\main\resources
2019-10-18 10:14:38,031 [Worker-42] INFO  o.e.m.c.i.embedder.EclipseLogger - Using 'UTF-8' encoding to copy filtered resources.
2019-10-18 10:14:38,031 [Worker-42] INFO  o.e.m.c.i.embedder.EclipseLogger - skip non existing resourceDirectory D:\Bigdata_Project\Final_project\Source\smartmeter_1\smartcarlog-master\src\test\resources
2019-10-18 10:15:04,255 [Worker-40] INFO  o.e.m.c.i.embedder.EclipseLogger - Using 'UTF-8' encoding to copy filtered resources.
2019-10-18 10:15:04,255 [Worker-40] INFO  o.e.m.c.i.embedder.EclipseLogger - skip non existing resourceDirectory D:\Bigdata_Project\Final_project\Source\smartmeter_1\smartcarlog-master\src\main\resources
2019-10-18 10:15:04,255 [Worker-40] INFO  o.e.m.c.i.embedder.EclipseLogger - Using 'UTF-8' encoding to copy filtered resources.
2019-10-18 10:15:04,255 [Worker-40] INFO  o.e.m.c.i.embedder.EclipseLogger - skip non existing resourceDirectory D:\Bigdata_Project\Final_project\Source\smartmeter_1\smartcarlog-master\src\test\resources
2019-10-18 10:15:23,973 [Worker-40] INFO  o.e.m.c.i.embedder.EclipseLogger - Using 'UTF-8' encoding to copy filtered resources.
2019-10-18 10:15:23,973 [Worker-40] INFO  o.e.m.c.i.embedder.EclipseLogger - skip non existing resourceDirectory D:\Bigdata_Project\Final_project\Source\smartmeter_1\smartcarlog-master\src\main\resources
2019-10-18 10:15:23,973 [Worker-40] INFO  o.e.m.c.i.embedder.EclipseLogger - Using 'UTF-8' encoding to copy filtered resources.
2019-10-18 10:15:23,973 [Worker-40] INFO  o.e.m.c.i.embedder.EclipseLogger - skip non existing resourceDirectory D:\Bigdata_Project\Final_project\Source\smartmeter_1\smartcarlog-master\src\test\resources
2019-10-18 10:16:16,998 [Worker-48] INFO  o.e.m.c.i.embedder.EclipseLogger - Using 'UTF-8' encoding to copy filtered resources.
2019-10-18 10:16:16,998 [Worker-48] INFO  o.e.m.c.i.embedder.EclipseLogger - skip non existing resourceDirectory D:\Bigdata_Project\Final_project\Source\smartmeter_1\smartcarlog-master\src\main\resources
2019-10-18 10:16:17,013 [Worker-48] INFO  o.e.m.c.i.embedder.EclipseLogger - Using 'UTF-8' encoding to copy filtered resources.
2019-10-18 10:16:17,013 [Worker-48] INFO  o.e.m.c.i.embedder.EclipseLogger - skip non existing resourceDirectory D:\Bigdata_Project\Final_project\Source\smartmeter_1\smartcarlog-master\src\test\resources
2019-10-18 10:17:12,131 [Worker-45] INFO  o.e.m.c.i.embedder.EclipseLogger - Using 'UTF-8' encoding to copy filtered resources.
2019-10-18 10:17:12,131 [Worker-45] INFO  o.e.m.c.i.embedder.EclipseLogger - skip non existing resourceDirectory D:\Bigdata_Project\Final_project\Source\smartmeter_1\smartcarlog-master\src\main\resources
2019-10-18 10:17:12,131 [Worker-45] INFO  o.e.m.c.i.embedder.EclipseLogger - Using 'UTF-8' encoding to copy filtered resources.
2019-10-18 10:17:12,131 [Worker-45] INFO  o.e.m.c.i.embedder.EclipseLogger - skip non existing resourceDirectory D:\Bigdata_Project\Final_project\Source\smartmeter_1\smartcarlog-master\src\test\resources
2019-10-18 10:17:36,873 [Worker-40] WARN  o.e.r.models.ModelRepository - Failed to download org.eclipse.recommenders:index::zip:0.0.0
org.eclipse.aether.resolution.ArtifactResolutionException: Could not find artifact org.eclipse.recommenders:index:zip:0.0.0-SNAPSHOT in models (http://download.eclipse.org/recommenders/models/neon/)
	at org.eclipse.aether.internal.impl.DefaultArtifactResolver.resolve(DefaultArtifactResolver.java:444) ~[na:na]
	at org.eclipse.aether.internal.impl.DefaultArtifactResolver.resolveArtifacts(DefaultArtifactResolver.java:246) ~[na:na]
	at org.eclipse.aether.internal.impl.DefaultArtifactResolver.resolveArtifact(DefaultArtifactResolver.java:223) ~[na:na]
	at org.eclipse.aether.internal.impl.DefaultRepositorySystem.resolveArtifact(DefaultRepositorySystem.java:294) ~[na:na]
	at org.eclipse.recommenders.models.ModelRepository.resolveInternal(ModelRepository.java:193) [org.eclipse.recommenders.models_2.4.6.v20170307-1041.jar:na]
	at org.eclipse.recommenders.models.ModelRepository.resolve(ModelRepository.java:172) [org.eclipse.recommenders.models_2.4.6.v20170307-1041.jar:na]
	at org.eclipse.recommenders.internal.models.rcp.EclipseModelRepository.resolve(EclipseModelRepository.java:169) [org.eclipse.recommenders.models.rcp_2.4.6.v20170307-1041.jar:na]
	at org.eclipse.recommenders.internal.models.rcp.DownloadModelArchiveJob.run(DownloadModelArchiveJob.java:76) [org.eclipse.recommenders.models.rcp_2.4.6.v20170307-1041.jar:na]
	at org.eclipse.core.internal.jobs.Worker.run(Worker.java:55) [org.eclipse.core.jobs_3.8.0.v20160509-0411.jar:na]
Caused by: org.eclipse.aether.transfer.ArtifactNotFoundException: Could not find artifact org.eclipse.recommenders:index:zip:0.0.0-SNAPSHOT in models (http://download.eclipse.org/recommenders/models/neon/)
	at org.eclipse.aether.connector.basic.ArtifactTransportListener.transferFailed(ArtifactTransportListener.java:39) ~[org.eclipse.aether.connector.basic_1.0.1.v20141111.jar:na]
	at org.eclipse.aether.connector.basic.BasicRepositoryConnector$TaskRunner.run(BasicRepositoryConnector.java:355) ~[org.eclipse.aether.connector.basic_1.0.1.v20141111.jar:na]
	at org.eclipse.aether.util.concurrency.RunnableErrorForwarder$1.run(RunnableErrorForwarder.java:67) ~[na:na]
	at org.eclipse.aether.connector.basic.BasicRepositoryConnector$DirectExecutor.execute(BasicRepositoryConnector.java:581) ~[org.eclipse.aether.connector.basic_1.0.1.v20141111.jar:na]
	at org.eclipse.aether.connector.basic.BasicRepositoryConnector.get(BasicRepositoryConnector.java:249) ~[org.eclipse.aether.connector.basic_1.0.1.v20141111.jar:na]
	at org.eclipse.aether.internal.impl.DefaultArtifactResolver.performDownloads(DefaultArtifactResolver.java:520) ~[na:na]
	at org.eclipse.aether.internal.impl.DefaultArtifactResolver.resolve(DefaultArtifactResolver.java:421) ~[na:na]
	... 8 common frames omitted
2019-10-18 10:18:05,218 [Worker-46] INFO  o.e.m.c.i.embedder.EclipseLogger - Using 'UTF-8' encoding to copy filtered resources.
2019-10-18 10:18:05,218 [Worker-46] INFO  o.e.m.c.i.embedder.EclipseLogger - skip non existing resourceDirectory D:\Bigdata_Project\Final_project\Source\smartmeter_1\smartcarlog-master\src\main\resources
2019-10-18 10:18:05,234 [Worker-46] INFO  o.e.m.c.i.embedder.EclipseLogger - Using 'UTF-8' encoding to copy filtered resources.
2019-10-18 10:18:05,234 [Worker-46] INFO  o.e.m.c.i.embedder.EclipseLogger - skip non existing resourceDirectory D:\Bigdata_Project\Final_project\Source\smartmeter_1\smartcarlog-master\src\test\resources
2019-10-18 10:38:46,333 [Worker-42] INFO  o.e.m.c.i.embedder.EclipseLogger - Using 'UTF-8' encoding to copy filtered resources.
2019-10-18 10:38:46,333 [Worker-42] INFO  o.e.m.c.i.embedder.EclipseLogger - skip non existing resourceDirectory D:\Bigdata_Project\Final_project\Source\smartmeter_1\smartcarlog-master\src\main\resources
2019-10-18 10:38:46,348 [Worker-42] INFO  o.e.m.c.i.embedder.EclipseLogger - Using 'UTF-8' encoding to copy filtered resources.
2019-10-18 10:38:46,348 [Worker-42] INFO  o.e.m.c.i.embedder.EclipseLogger - skip non existing resourceDirectory D:\Bigdata_Project\Final_project\Source\smartmeter_1\smartcarlog-master\src\test\resources
2019-10-18 10:46:34,955 [Worker-53] INFO  o.e.m.c.i.embedder.EclipseLogger - Using 'UTF-8' encoding to copy filtered resources.
2019-10-18 10:46:34,955 [Worker-53] INFO  o.e.m.c.i.embedder.EclipseLogger - skip non existing resourceDirectory D:\Bigdata_Project\Final_project\Source\smartmeter_1\smartcarlog-master\src\main\resources
2019-10-18 10:46:34,955 [Worker-53] INFO  o.e.m.c.i.embedder.EclipseLogger - Using 'UTF-8' encoding to copy filtered resources.
2019-10-18 10:46:34,955 [Worker-53] INFO  o.e.m.c.i.embedder.EclipseLogger - skip non existing resourceDirectory D:\Bigdata_Project\Final_project\Source\smartmeter_1\smartcarlog-master\src\test\resources
2019-10-18 11:02:45,916 [Worker-62] INFO  o.e.m.c.i.embedder.EclipseLogger - Using 'UTF-8' encoding to copy filtered resources.
2019-10-18 11:02:45,916 [Worker-62] INFO  o.e.m.c.i.embedder.EclipseLogger - skip non existing resourceDirectory D:\Bigdata_Project\Final_project\Source\smartmeter_1\smartcarlog-master\src\main\resources
2019-10-18 11:02:45,918 [Worker-62] INFO  o.e.m.c.i.embedder.EclipseLogger - Using 'UTF-8' encoding to copy filtered resources.
2019-10-18 11:02:45,918 [Worker-62] INFO  o.e.m.c.i.embedder.EclipseLogger - skip non existing resourceDirectory D:\Bigdata_Project\Final_project\Source\smartmeter_1\smartcarlog-master\src\test\resources
2019-10-18 11:15:54,714 [Worker-65] INFO  o.e.m.c.i.embedder.EclipseLogger - Using 'UTF-8' encoding to copy filtered resources.
2019-10-18 11:15:54,714 [Worker-65] INFO  o.e.m.c.i.embedder.EclipseLogger - skip non existing resourceDirectory D:\Bigdata_Project\Final_project\Source\smartmeter_1\smartcarlog-master\src\main\resources
2019-10-18 11:15:54,715 [Worker-65] INFO  o.e.m.c.i.embedder.EclipseLogger - Using 'UTF-8' encoding to copy filtered resources.
2019-10-18 11:15:54,715 [Worker-65] INFO  o.e.m.c.i.embedder.EclipseLogger - skip non existing resourceDirectory D:\Bigdata_Project\Final_project\Source\smartmeter_1\smartcarlog-master\src\test\resources
2019-10-18 12:40:30,922 [Worker-99] INFO  o.e.m.c.i.embedder.EclipseLogger - Using 'UTF-8' encoding to copy filtered resources.
2019-10-18 12:40:30,922 [Worker-99] INFO  o.e.m.c.i.embedder.EclipseLogger - skip non existing resourceDirectory D:\Bigdata_Project\Final_project\Source\smartmeter_1\smartcarlog-master\src\main\resources
2019-10-18 12:40:30,922 [Worker-99] INFO  o.e.m.c.i.embedder.EclipseLogger - Using 'UTF-8' encoding to copy filtered resources.
2019-10-18 12:40:30,922 [Worker-99] INFO  o.e.m.c.i.embedder.EclipseLogger - skip non existing resourceDirectory D:\Bigdata_Project\Final_project\Source\smartmeter_1\smartcarlog-master\src\test\resources
2019-10-18 12:53:06,978 [Worker-113] INFO  o.e.m.c.i.embedder.EclipseLogger - Using 'UTF-8' encoding to copy filtered resources.
2019-10-18 12:53:06,978 [Worker-113] INFO  o.e.m.c.i.embedder.EclipseLogger - skip non existing resourceDirectory D:\Bigdata_Project\Final_project\Source\smartmeter_1\smartcarlog-master\src\main\resources
2019-10-18 12:53:06,979 [Worker-113] INFO  o.e.m.c.i.embedder.EclipseLogger - Using 'UTF-8' encoding to copy filtered resources.
2019-10-18 12:53:06,980 [Worker-113] INFO  o.e.m.c.i.embedder.EclipseLogger - skip non existing resourceDirectory D:\Bigdata_Project\Final_project\Source\smartmeter_1\smartcarlog-master\src\test\resources
2019-10-18 15:59:49,139 [Worker-178] INFO  o.e.m.c.i.embedder.EclipseLogger - Using 'UTF-8' encoding to copy filtered resources.
2019-10-18 15:59:49,140 [Worker-178] INFO  o.e.m.c.i.embedder.EclipseLogger - skip non existing resourceDirectory D:\Bigdata_Project\Final_project\Source\smartmeter_1\smartcarlog-master\src\main\resources
2019-10-18 15:59:49,140 [Worker-178] INFO  o.e.m.c.i.embedder.EclipseLogger - Using 'UTF-8' encoding to copy filtered resources.
2019-10-18 15:59:49,140 [Worker-178] INFO  o.e.m.c.i.embedder.EclipseLogger - skip non existing resourceDirectory D:\Bigdata_Project\Final_project\Source\smartmeter_1\smartcarlog-master\src\test\resources
2019-10-18 16:32:53,864 [Worker-188] INFO  o.e.m.c.i.embedder.EclipseLogger - Using 'UTF-8' encoding to copy filtered resources.
2019-10-18 16:32:53,864 [Worker-188] INFO  o.e.m.c.i.embedder.EclipseLogger - skip non existing resourceDirectory D:\Bigdata_Project\Final_project\Source\smartmeter_1\smartcarlog-master\src\main\resources
2019-10-18 16:32:53,865 [Worker-188] INFO  o.e.m.c.i.embedder.EclipseLogger - Using 'UTF-8' encoding to copy filtered resources.
2019-10-18 16:32:53,865 [Worker-188] INFO  o.e.m.c.i.embedder.EclipseLogger - skip non existing resourceDirectory D:\Bigdata_Project\Final_project\Source\smartmeter_1\smartcarlog-master\src\test\resources
2019-10-18 16:32:58,763 [Worker-194] INFO  o.e.m.c.i.embedder.EclipseLogger - Using 'UTF-8' encoding to copy filtered resources.
2019-10-18 16:32:58,763 [Worker-194] INFO  o.e.m.c.i.embedder.EclipseLogger - skip non existing resourceDirectory D:\Bigdata_Project\Final_project\Source\smartmeter_1\smartcarlog-master\src\main\resources
2019-10-18 16:32:58,764 [Worker-194] INFO  o.e.m.c.i.embedder.EclipseLogger - Using 'UTF-8' encoding to copy filtered resources.
2019-10-18 16:32:58,764 [Worker-194] INFO  o.e.m.c.i.embedder.EclipseLogger - skip non existing resourceDirectory D:\Bigdata_Project\Final_project\Source\smartmeter_1\smartcarlog-master\src\test\resources
2019-10-18 16:34:27,059 [Worker-191] INFO  o.e.m.c.i.embedder.EclipseLogger - Using 'UTF-8' encoding to copy filtered resources.
2019-10-18 16:34:27,059 [Worker-191] INFO  o.e.m.c.i.embedder.EclipseLogger - skip non existing resourceDirectory D:\Bigdata_Project\Final_project\Source\smartmeter_1\smartcarlog-master\src\main\resources
2019-10-18 16:34:27,060 [Worker-191] INFO  o.e.m.c.i.embedder.EclipseLogger - Using 'UTF-8' encoding to copy filtered resources.
2019-10-18 16:34:27,060 [Worker-191] INFO  o.e.m.c.i.embedder.EclipseLogger - skip non existing resourceDirectory D:\Bigdata_Project\Final_project\Source\smartmeter_1\smartcarlog-master\src\test\resources
2019-10-18 16:35:14,934 [Worker-191] INFO  o.e.m.c.i.embedder.EclipseLogger - Using 'UTF-8' encoding to copy filtered resources.
2019-10-18 16:35:14,934 [Worker-191] INFO  o.e.m.c.i.embedder.EclipseLogger - skip non existing resourceDirectory D:\Bigdata_Project\Final_project\Source\smartmeter_1\smartcarlog-master\src\main\resources
2019-10-18 16:35:14,935 [Worker-191] INFO  o.e.m.c.i.embedder.EclipseLogger - Using 'UTF-8' encoding to copy filtered resources.
2019-10-18 16:35:14,935 [Worker-191] INFO  o.e.m.c.i.embedder.EclipseLogger - skip non existing resourceDirectory D:\Bigdata_Project\Final_project\Source\smartmeter_1\smartcarlog-master\src\test\resources
2019-10-18 16:35:25,091 [Worker-192] INFO  o.e.m.c.i.embedder.EclipseLogger - Using 'UTF-8' encoding to copy filtered resources.
2019-10-18 16:35:25,092 [Worker-192] INFO  o.e.m.c.i.embedder.EclipseLogger - skip non existing resourceDirectory D:\Bigdata_Project\Final_project\Source\smartmeter_1\smartcarlog-master\src\main\resources
2019-10-18 16:35:25,092 [Worker-192] INFO  o.e.m.c.i.embedder.EclipseLogger - Using 'UTF-8' encoding to copy filtered resources.
2019-10-18 16:35:25,092 [Worker-192] INFO  o.e.m.c.i.embedder.EclipseLogger - skip non existing resourceDirectory D:\Bigdata_Project\Final_project\Source\smartmeter_1\smartcarlog-master\src\test\resources
2019-10-18 16:37:17,810 [Worker-192] INFO  o.e.m.c.i.embedder.EclipseLogger - Using 'UTF-8' encoding to copy filtered resources.
2019-10-18 16:37:17,810 [Worker-192] INFO  o.e.m.c.i.embedder.EclipseLogger - skip non existing resourceDirectory D:\Bigdata_Project\Final_project\Source\smartmeter_1\smartcarlog-master\src\main\resources
2019-10-18 16:37:17,810 [Worker-192] INFO  o.e.m.c.i.embedder.EclipseLogger - Using 'UTF-8' encoding to copy filtered resources.
2019-10-18 16:37:17,811 [Worker-192] INFO  o.e.m.c.i.embedder.EclipseLogger - skip non existing resourceDirectory D:\Bigdata_Project\Final_project\Source\smartmeter_1\smartcarlog-master\src\test\resources
2019-10-18 16:37:26,603 [Worker-188] INFO  o.e.m.c.i.embedder.EclipseLogger - Using 'UTF-8' encoding to copy filtered resources.
2019-10-18 16:37:26,604 [Worker-188] INFO  o.e.m.c.i.embedder.EclipseLogger - skip non existing resourceDirectory D:\Bigdata_Project\Final_project\Source\smartmeter_1\smartcarlog-master\src\main\resources
2019-10-18 16:37:26,605 [Worker-188] INFO  o.e.m.c.i.embedder.EclipseLogger - Using 'UTF-8' encoding to copy filtered resources.
2019-10-18 16:37:26,605 [Worker-188] INFO  o.e.m.c.i.embedder.EclipseLogger - skip non existing resourceDirectory D:\Bigdata_Project\Final_project\Source\smartmeter_1\smartcarlog-master\src\test\resources
2019-10-18 16:37:36,030 [Worker-194] INFO  o.e.m.c.i.embedder.EclipseLogger - Using 'UTF-8' encoding to copy filtered resources.
2019-10-18 16:37:36,030 [Worker-194] INFO  o.e.m.c.i.embedder.EclipseLogger - skip non existing resourceDirectory D:\Bigdata_Project\Final_project\Source\smartmeter_1\smartcarlog-master\src\main\resources
2019-10-18 16:37:36,030 [Worker-194] INFO  o.e.m.c.i.embedder.EclipseLogger - Using 'UTF-8' encoding to copy filtered resources.
2019-10-18 16:37:36,031 [Worker-194] INFO  o.e.m.c.i.embedder.EclipseLogger - skip non existing resourceDirectory D:\Bigdata_Project\Final_project\Source\smartmeter_1\smartcarlog-master\src\test\resources
2019-10-18 16:37:46,665 [Worker-193] INFO  o.e.m.c.i.embedder.EclipseLogger - Using 'UTF-8' encoding to copy filtered resources.
2019-10-18 16:37:46,666 [Worker-193] INFO  o.e.m.c.i.embedder.EclipseLogger - skip non existing resourceDirectory D:\Bigdata_Project\Final_project\Source\smartmeter_1\smartcarlog-master\src\main\resources
2019-10-18 16:37:46,666 [Worker-193] INFO  o.e.m.c.i.embedder.EclipseLogger - Using 'UTF-8' encoding to copy filtered resources.
2019-10-18 16:37:46,666 [Worker-193] INFO  o.e.m.c.i.embedder.EclipseLogger - skip non existing resourceDirectory D:\Bigdata_Project\Final_project\Source\smartmeter_1\smartcarlog-master\src\test\resources
2019-10-18 16:58:34,306 [Worker-200] INFO  o.e.m.c.i.embedder.EclipseLogger - Using 'UTF-8' encoding to copy filtered resources.
2019-10-18 16:58:34,306 [Worker-200] INFO  o.e.m.c.i.embedder.EclipseLogger - skip non existing resourceDirectory D:\Bigdata_Project\Final_project\Source\smartmeter_1\smartcarlog-master\src\main\resources
2019-10-18 16:58:34,307 [Worker-200] INFO  o.e.m.c.i.embedder.EclipseLogger - Using 'UTF-8' encoding to copy filtered resources.
2019-10-18 16:58:34,307 [Worker-200] INFO  o.e.m.c.i.embedder.EclipseLogger - skip non existing resourceDirectory D:\Bigdata_Project\Final_project\Source\smartmeter_1\smartcarlog-master\src\test\resources
2019-10-18 16:58:43,700 [Worker-188] INFO  o.e.m.c.i.embedder.EclipseLogger - Using 'UTF-8' encoding to copy filtered resources.
2019-10-18 16:58:43,700 [Worker-188] INFO  o.e.m.c.i.embedder.EclipseLogger - skip non existing resourceDirectory D:\Bigdata_Project\Final_project\Source\smartmeter_1\smartcarlog-master\src\main\resources
2019-10-18 16:58:43,700 [Worker-188] INFO  o.e.m.c.i.embedder.EclipseLogger - Using 'UTF-8' encoding to copy filtered resources.
2019-10-18 16:58:43,701 [Worker-188] INFO  o.e.m.c.i.embedder.EclipseLogger - skip non existing resourceDirectory D:\Bigdata_Project\Final_project\Source\smartmeter_1\smartcarlog-master\src\test\resources
2019-10-18 16:58:52,906 [Worker-202] INFO  o.e.m.c.i.embedder.EclipseLogger - Using 'UTF-8' encoding to copy filtered resources.
2019-10-18 16:58:52,906 [Worker-202] INFO  o.e.m.c.i.embedder.EclipseLogger - skip non existing resourceDirectory D:\Bigdata_Project\Final_project\Source\smartmeter_1\smartcarlog-master\src\main\resources
2019-10-18 16:58:52,906 [Worker-202] INFO  o.e.m.c.i.embedder.EclipseLogger - Using 'UTF-8' encoding to copy filtered resources.
2019-10-18 16:58:52,907 [Worker-202] INFO  o.e.m.c.i.embedder.EclipseLogger - skip non existing resourceDirectory D:\Bigdata_Project\Final_project\Source\smartmeter_1\smartcarlog-master\src\test\resources
2019-10-18 17:09:02,715 [Worker-204] INFO  o.e.m.c.i.embedder.EclipseLogger - Using 'UTF-8' encoding to copy filtered resources.
2019-10-18 17:09:02,715 [Worker-204] INFO  o.e.m.c.i.embedder.EclipseLogger - skip non existing resourceDirectory D:\Bigdata_Project\Final_project\Source\smartmeter_1\smartcarlog-master\src\main\resources
2019-10-18 17:09:02,716 [Worker-204] INFO  o.e.m.c.i.embedder.EclipseLogger - Using 'UTF-8' encoding to copy filtered resources.
2019-10-18 17:09:02,716 [Worker-204] INFO  o.e.m.c.i.embedder.EclipseLogger - skip non existing resourceDirectory D:\Bigdata_Project\Final_project\Source\smartmeter_1\smartcarlog-master\src\test\resources
2019-10-18 17:38:24,935 [Worker-212] INFO  o.e.m.c.i.embedder.EclipseLogger - Using 'UTF-8' encoding to copy filtered resources.
2019-10-18 17:38:24,936 [Worker-212] INFO  o.e.m.c.i.embedder.EclipseLogger - skip non existing resourceDirectory D:\Bigdata_Project\Final_project\Source\smartmeter_1\smartcarlog-master\src\main\resources
2019-10-18 17:38:24,936 [Worker-212] INFO  o.e.m.c.i.embedder.EclipseLogger - Using 'UTF-8' encoding to copy filtered resources.
2019-10-18 17:38:24,937 [Worker-212] INFO  o.e.m.c.i.embedder.EclipseLogger - skip non existing resourceDirectory D:\Bigdata_Project\Final_project\Source\smartmeter_1\smartcarlog-master\src\test\resources
2019-10-18 17:41:09,020 [Worker-212] INFO  o.e.m.c.i.embedder.EclipseLogger - Using 'UTF-8' encoding to copy filtered resources.
2019-10-18 17:41:09,020 [Worker-212] INFO  o.e.m.c.i.embedder.EclipseLogger - skip non existing resourceDirectory D:\Bigdata_Project\Final_project\Source\smartmeter_1\smartcarlog-master\src\main\resources
2019-10-18 17:41:09,021 [Worker-212] INFO  o.e.m.c.i.embedder.EclipseLogger - Using 'UTF-8' encoding to copy filtered resources.
2019-10-18 17:41:09,021 [Worker-212] INFO  o.e.m.c.i.embedder.EclipseLogger - skip non existing resourceDirectory D:\Bigdata_Project\Final_project\Source\smartmeter_1\smartcarlog-master\src\test\resources
2019-10-18 17:45:29,804 [Worker-216] INFO  o.e.m.c.i.embedder.EclipseLogger - Using 'UTF-8' encoding to copy filtered resources.
2019-10-18 17:45:29,804 [Worker-216] INFO  o.e.m.c.i.embedder.EclipseLogger - skip non existing resourceDirectory D:\Bigdata_Project\Final_project\Source\smartmeter_1\smartcarlog-master\src\main\resources
2019-10-18 17:45:29,804 [Worker-216] INFO  o.e.m.c.i.embedder.EclipseLogger - Using 'UTF-8' encoding to copy filtered resources.
2019-10-18 17:45:29,804 [Worker-216] INFO  o.e.m.c.i.embedder.EclipseLogger - skip non existing resourceDirectory D:\Bigdata_Project\Final_project\Source\smartmeter_1\smartcarlog-master\src\test\resources
2019-10-18 17:46:48,885 [Worker-212] INFO  o.e.m.c.i.embedder.EclipseLogger - Using 'UTF-8' encoding to copy filtered resources.
2019-10-18 17:46:48,885 [Worker-212] INFO  o.e.m.c.i.embedder.EclipseLogger - skip non existing resourceDirectory D:\Bigdata_Project\Final_project\Source\smartmeter_1\smartcarlog-master\src\main\resources
2019-10-18 17:46:48,886 [Worker-212] INFO  o.e.m.c.i.embedder.EclipseLogger - Using 'UTF-8' encoding to copy filtered resources.
2019-10-18 17:46:48,886 [Worker-212] INFO  o.e.m.c.i.embedder.EclipseLogger - skip non existing resourceDirectory D:\Bigdata_Project\Final_project\Source\smartmeter_1\smartcarlog-master\src\test\resources
2019-10-18 17:59:53,420 [Worker-221] INFO  o.e.m.c.i.embedder.EclipseLogger - Using 'UTF-8' encoding to copy filtered resources.
2019-10-18 17:59:53,420 [Worker-221] INFO  o.e.m.c.i.embedder.EclipseLogger - skip non existing resourceDirectory D:\Bigdata_Project\Final_project\Source\smartmeter_1\smartcarlog-master\src\main\resources
2019-10-18 17:59:53,421 [Worker-221] INFO  o.e.m.c.i.embedder.EclipseLogger - Using 'UTF-8' encoding to copy filtered resources.
2019-10-18 17:59:53,421 [Worker-221] INFO  o.e.m.c.i.embedder.EclipseLogger - skip non existing resourceDirectory D:\Bigdata_Project\Final_project\Source\smartmeter_1\smartcarlog-master\src\test\resources
2019-10-18 18:00:10,389 [Worker-221] INFO  o.e.m.c.i.embedder.EclipseLogger - Using 'UTF-8' encoding to copy filtered resources.
2019-10-18 18:00:10,390 [Worker-221] INFO  o.e.m.c.i.embedder.EclipseLogger - skip non existing resourceDirectory D:\Bigdata_Project\Final_project\Source\smartmeter_1\smartcarlog-master\src\main\resources
2019-10-18 18:00:10,390 [Worker-221] INFO  o.e.m.c.i.embedder.EclipseLogger - Using 'UTF-8' encoding to copy filtered resources.
2019-10-18 18:00:10,390 [Worker-221] INFO  o.e.m.c.i.embedder.EclipseLogger - skip non existing resourceDirectory D:\Bigdata_Project\Final_project\Source\smartmeter_1\smartcarlog-master\src\test\resources
2019-10-18 18:01:40,335 [Worker-218] INFO  o.e.m.c.i.embedder.EclipseLogger - Using 'UTF-8' encoding to copy filtered resources.
2019-10-18 18:01:40,335 [Worker-218] INFO  o.e.m.c.i.embedder.EclipseLogger - skip non existing resourceDirectory D:\Bigdata_Project\Final_project\Source\smartmeter_1\smartcarlog-master\src\main\resources
2019-10-18 18:01:40,336 [Worker-218] INFO  o.e.m.c.i.embedder.EclipseLogger - Using 'UTF-8' encoding to copy filtered resources.
2019-10-18 18:01:40,336 [Worker-218] INFO  o.e.m.c.i.embedder.EclipseLogger - skip non existing resourceDirectory D:\Bigdata_Project\Final_project\Source\smartmeter_1\smartcarlog-master\src\test\resources
2019-10-18 18:04:22,391 [Worker-211] INFO  o.e.m.c.i.embedder.EclipseLogger - Using 'UTF-8' encoding to copy filtered resources.
2019-10-18 18:04:22,392 [Worker-211] INFO  o.e.m.c.i.embedder.EclipseLogger - skip non existing resourceDirectory D:\Bigdata_Project\Final_project\Source\smartmeter_1\smartcarlog-master\src\main\resources
2019-10-18 18:04:22,393 [Worker-211] INFO  o.e.m.c.i.embedder.EclipseLogger - Using 'UTF-8' encoding to copy filtered resources.
2019-10-18 18:04:22,394 [Worker-211] INFO  o.e.m.c.i.embedder.EclipseLogger - skip non existing resourceDirectory D:\Bigdata_Project\Final_project\Source\smartmeter_1\smartcarlog-master\src\test\resources
2019-10-19 14:01:42,745 [Worker-39] INFO  o.e.m.c.i.embedder.EclipseLogger - Using 'UTF-8' encoding to copy filtered resources.
2019-10-19 14:01:42,745 [Worker-39] INFO  o.e.m.c.i.embedder.EclipseLogger - skip non existing resourceDirectory D:\Bigdata_Project\Final_project\Source\smartmeter_1\smartcarlog-master\src\main\resources
2019-10-19 14:01:42,761 [Worker-39] INFO  o.e.m.c.i.embedder.EclipseLogger - Using 'UTF-8' encoding to copy filtered resources.
2019-10-19 14:01:42,761 [Worker-39] INFO  o.e.m.c.i.embedder.EclipseLogger - skip non existing resourceDirectory D:\Bigdata_Project\Final_project\Source\smartmeter_1\smartcarlog-master\src\test\resources
2019-10-19 14:02:14,624 [Worker-39] INFO  o.e.m.c.i.embedder.EclipseLogger - Using 'UTF-8' encoding to copy filtered resources.
2019-10-19 14:02:14,624 [Worker-39] INFO  o.e.m.c.i.embedder.EclipseLogger - skip non existing resourceDirectory D:\Bigdata_Project\Final_project\Source\smartmeter_1\smartcarlog-master\src\main\resources
2019-10-19 14:02:14,624 [Worker-39] INFO  o.e.m.c.i.embedder.EclipseLogger - Using 'UTF-8' encoding to copy filtered resources.
2019-10-19 14:02:14,624 [Worker-39] INFO  o.e.m.c.i.embedder.EclipseLogger - skip non existing resourceDirectory D:\Bigdata_Project\Final_project\Source\smartmeter_1\smartcarlog-master\src\test\resources
2019-10-19 14:02:23,089 [Worker-40] INFO  o.e.m.c.i.embedder.EclipseLogger - Using 'UTF-8' encoding to copy filtered resources.
2019-10-19 14:02:23,089 [Worker-40] INFO  o.e.m.c.i.embedder.EclipseLogger - skip non existing resourceDirectory D:\Bigdata_Project\Final_project\Source\smartmeter_1\smartcarlog-master\src\main\resources
2019-10-19 14:02:23,089 [Worker-40] INFO  o.e.m.c.i.embedder.EclipseLogger - Using 'UTF-8' encoding to copy filtered resources.
2019-10-19 14:02:23,089 [Worker-40] INFO  o.e.m.c.i.embedder.EclipseLogger - skip non existing resourceDirectory D:\Bigdata_Project\Final_project\Source\smartmeter_1\smartcarlog-master\src\test\resources
2019-10-19 14:03:05,747 [Worker-39] INFO  o.e.m.c.i.embedder.EclipseLogger - Using 'UTF-8' encoding to copy filtered resources.
2019-10-19 14:03:05,747 [Worker-39] INFO  o.e.m.c.i.embedder.EclipseLogger - skip non existing resourceDirectory D:\Bigdata_Project\Final_project\Source\smartmeter_1\smartcarlog-master\src\main\resources
2019-10-19 14:03:05,747 [Worker-39] INFO  o.e.m.c.i.embedder.EclipseLogger - Using 'UTF-8' encoding to copy filtered resources.
2019-10-19 14:03:05,747 [Worker-39] INFO  o.e.m.c.i.embedder.EclipseLogger - skip non existing resourceDirectory D:\Bigdata_Project\Final_project\Source\smartmeter_1\smartcarlog-master\src\test\resources
2019-10-19 14:03:20,372 [Worker-41] INFO  o.e.m.c.i.embedder.EclipseLogger - Using 'UTF-8' encoding to copy filtered resources.
2019-10-19 14:03:20,372 [Worker-41] INFO  o.e.m.c.i.embedder.EclipseLogger - skip non existing resourceDirectory D:\Bigdata_Project\Final_project\Source\smartmeter_1\smartcarlog-master\src\main\resources
2019-10-19 14:03:20,372 [Worker-41] INFO  o.e.m.c.i.embedder.EclipseLogger - Using 'UTF-8' encoding to copy filtered resources.
2019-10-19 14:03:20,372 [Worker-41] INFO  o.e.m.c.i.embedder.EclipseLogger - skip non existing resourceDirectory D:\Bigdata_Project\Final_project\Source\smartmeter_1\smartcarlog-master\src\test\resources
2019-10-19 14:06:27,546 [Worker-39] INFO  o.e.m.c.i.embedder.EclipseLogger - Using 'UTF-8' encoding to copy filtered resources.
2019-10-19 14:06:27,546 [Worker-39] INFO  o.e.m.c.i.embedder.EclipseLogger - skip non existing resourceDirectory D:\Bigdata_Project\Final_project\Source\smartmeter_1\smartcarlog-master\src\main\resources
2019-10-19 14:06:27,546 [Worker-39] INFO  o.e.m.c.i.embedder.EclipseLogger - Using 'UTF-8' encoding to copy filtered resources.
2019-10-19 14:06:27,546 [Worker-39] INFO  o.e.m.c.i.embedder.EclipseLogger - skip non existing resourceDirectory D:\Bigdata_Project\Final_project\Source\smartmeter_1\smartcarlog-master\src\test\resources
2019-10-19 15:38:57,026 [Worker-78] WARN  o.e.r.models.ModelRepository - Failed to download org.eclipse.recommenders:index::zip:0.0.0
org.eclipse.aether.resolution.ArtifactResolutionException: Could not find artifact org.eclipse.recommenders:index:zip:0.0.0-SNAPSHOT in models (http://download.eclipse.org/recommenders/models/neon/)
	at org.eclipse.aether.internal.impl.DefaultArtifactResolver.resolve(DefaultArtifactResolver.java:444) ~[na:na]
	at org.eclipse.aether.internal.impl.DefaultArtifactResolver.resolveArtifacts(DefaultArtifactResolver.java:246) ~[na:na]
	at org.eclipse.aether.internal.impl.DefaultArtifactResolver.resolveArtifact(DefaultArtifactResolver.java:223) ~[na:na]
	at org.eclipse.aether.internal.impl.DefaultRepositorySystem.resolveArtifact(DefaultRepositorySystem.java:294) ~[na:na]
	at org.eclipse.recommenders.models.ModelRepository.resolveInternal(ModelRepository.java:193) [org.eclipse.recommenders.models_2.4.6.v20170307-1041.jar:na]
	at org.eclipse.recommenders.models.ModelRepository.resolve(ModelRepository.java:172) [org.eclipse.recommenders.models_2.4.6.v20170307-1041.jar:na]
	at org.eclipse.recommenders.internal.models.rcp.EclipseModelRepository.resolve(EclipseModelRepository.java:169) [org.eclipse.recommenders.models.rcp_2.4.6.v20170307-1041.jar:na]
	at org.eclipse.recommenders.internal.models.rcp.DownloadModelArchiveJob.run(DownloadModelArchiveJob.java:76) [org.eclipse.recommenders.models.rcp_2.4.6.v20170307-1041.jar:na]
	at org.eclipse.core.internal.jobs.Worker.run(Worker.java:55) [org.eclipse.core.jobs_3.8.0.v20160509-0411.jar:na]
Caused by: org.eclipse.aether.transfer.ArtifactNotFoundException: Could not find artifact org.eclipse.recommenders:index:zip:0.0.0-SNAPSHOT in models (http://download.eclipse.org/recommenders/models/neon/)
	at org.eclipse.aether.connector.basic.ArtifactTransportListener.transferFailed(ArtifactTransportListener.java:39) ~[org.eclipse.aether.connector.basic_1.0.1.v20141111.jar:na]
	at org.eclipse.aether.connector.basic.BasicRepositoryConnector$TaskRunner.run(BasicRepositoryConnector.java:355) ~[org.eclipse.aether.connector.basic_1.0.1.v20141111.jar:na]
	at org.eclipse.aether.util.concurrency.RunnableErrorForwarder$1.run(RunnableErrorForwarder.java:67) ~[na:na]
	at org.eclipse.aether.connector.basic.BasicRepositoryConnector$DirectExecutor.execute(BasicRepositoryConnector.java:581) ~[org.eclipse.aether.connector.basic_1.0.1.v20141111.jar:na]
	at org.eclipse.aether.connector.basic.BasicRepositoryConnector.get(BasicRepositoryConnector.java:249) ~[org.eclipse.aether.connector.basic_1.0.1.v20141111.jar:na]
	at org.eclipse.aether.internal.impl.DefaultArtifactResolver.performDownloads(DefaultArtifactResolver.java:520) ~[na:na]
	at org.eclipse.aether.internal.impl.DefaultArtifactResolver.resolve(DefaultArtifactResolver.java:421) ~[na:na]
	... 8 common frames omitted
2019-10-19 15:57:21,076 [Worker-85] INFO  o.e.m.c.i.embedder.EclipseLogger - Using 'UTF-8' encoding to copy filtered resources.
2019-10-19 15:57:21,076 [Worker-85] INFO  o.e.m.c.i.embedder.EclipseLogger - skip non existing resourceDirectory D:\Bigdata_Project\Final_project\Source\smartmeter_1\smartcarlog-master\src\main\resources
2019-10-19 15:57:21,077 [Worker-85] INFO  o.e.m.c.i.embedder.EclipseLogger - Using 'UTF-8' encoding to copy filtered resources.
2019-10-19 15:57:21,077 [Worker-85] INFO  o.e.m.c.i.embedder.EclipseLogger - skip non existing resourceDirectory D:\Bigdata_Project\Final_project\Source\smartmeter_1\smartcarlog-master\src\test\resources
2019-10-19 16:07:59,933 [Worker-91] INFO  o.e.m.c.i.embedder.EclipseLogger - Using 'UTF-8' encoding to copy filtered resources.
2019-10-19 16:07:59,933 [Worker-91] INFO  o.e.m.c.i.embedder.EclipseLogger - skip non existing resourceDirectory D:\Bigdata_Project\Final_project\Source\smartmeter_1\smartcarlog-master\src\main\resources
2019-10-19 16:07:59,934 [Worker-91] INFO  o.e.m.c.i.embedder.EclipseLogger - Using 'UTF-8' encoding to copy filtered resources.
2019-10-19 16:07:59,934 [Worker-91] INFO  o.e.m.c.i.embedder.EclipseLogger - skip non existing resourceDirectory D:\Bigdata_Project\Final_project\Source\smartmeter_1\smartcarlog-master\src\test\resources
2019-10-19 16:08:21,852 [Worker-91] INFO  o.e.m.c.i.embedder.EclipseLogger - Using 'UTF-8' encoding to copy filtered resources.
2019-10-19 16:08:21,852 [Worker-91] INFO  o.e.m.c.i.embedder.EclipseLogger - skip non existing resourceDirectory D:\Bigdata_Project\Final_project\Source\smartmeter_1\smartcarlog-master\src\main\resources
2019-10-19 16:08:21,852 [Worker-91] INFO  o.e.m.c.i.embedder.EclipseLogger - Using 'UTF-8' encoding to copy filtered resources.
2019-10-19 16:08:21,852 [Worker-91] INFO  o.e.m.c.i.embedder.EclipseLogger - skip non existing resourceDirectory D:\Bigdata_Project\Final_project\Source\smartmeter_1\smartcarlog-master\src\test\resources
2019-10-19 16:08:27,345 [Worker-85] INFO  o.e.m.c.i.embedder.EclipseLogger - Using 'UTF-8' encoding to copy filtered resources.
2019-10-19 16:08:27,345 [Worker-85] INFO  o.e.m.c.i.embedder.EclipseLogger - skip non existing resourceDirectory D:\Bigdata_Project\Final_project\Source\smartmeter_1\smartcarlog-master\src\main\resources
2019-10-19 16:08:27,347 [Worker-85] INFO  o.e.m.c.i.embedder.EclipseLogger - Using 'UTF-8' encoding to copy filtered resources.
2019-10-19 16:08:27,347 [Worker-85] INFO  o.e.m.c.i.embedder.EclipseLogger - skip non existing resourceDirectory D:\Bigdata_Project\Final_project\Source\smartmeter_1\smartcarlog-master\src\test\resources
2019-10-19 16:18:29,824 [Worker-94] INFO  o.e.m.c.i.embedder.EclipseLogger - Using 'UTF-8' encoding to copy filtered resources.
2019-10-19 16:18:29,824 [Worker-94] INFO  o.e.m.c.i.embedder.EclipseLogger - skip non existing resourceDirectory D:\Bigdata_Project\Final_project\Source\smartmeter_1\smartcarlog-master\src\main\resources
2019-10-19 16:18:29,824 [Worker-94] INFO  o.e.m.c.i.embedder.EclipseLogger - Using 'UTF-8' encoding to copy filtered resources.
2019-10-19 16:18:29,824 [Worker-94] INFO  o.e.m.c.i.embedder.EclipseLogger - skip non existing resourceDirectory D:\Bigdata_Project\Final_project\Source\smartmeter_1\smartcarlog-master\src\test\resources
2019-10-19 16:18:36,341 [Worker-97] INFO  o.e.m.c.i.embedder.EclipseLogger - Using 'UTF-8' encoding to copy filtered resources.
2019-10-19 16:18:36,341 [Worker-97] INFO  o.e.m.c.i.embedder.EclipseLogger - skip non existing resourceDirectory D:\Bigdata_Project\Final_project\Source\smartmeter_1\smartcarlog-master\src\main\resources
2019-10-19 16:18:36,341 [Worker-97] INFO  o.e.m.c.i.embedder.EclipseLogger - Using 'UTF-8' encoding to copy filtered resources.
2019-10-19 16:18:36,341 [Worker-97] INFO  o.e.m.c.i.embedder.EclipseLogger - skip non existing resourceDirectory D:\Bigdata_Project\Final_project\Source\smartmeter_1\smartcarlog-master\src\test\resources
2019-10-19 16:18:51,419 [Worker-98] INFO  o.e.m.c.i.embedder.EclipseLogger - Using 'UTF-8' encoding to copy filtered resources.
2019-10-19 16:18:51,419 [Worker-98] INFO  o.e.m.c.i.embedder.EclipseLogger - skip non existing resourceDirectory D:\Bigdata_Project\Final_project\Source\smartmeter_1\smartcarlog-master\src\main\resources
2019-10-19 16:18:51,419 [Worker-98] INFO  o.e.m.c.i.embedder.EclipseLogger - Using 'UTF-8' encoding to copy filtered resources.
2019-10-19 16:18:51,419 [Worker-98] INFO  o.e.m.c.i.embedder.EclipseLogger - skip non existing resourceDirectory D:\Bigdata_Project\Final_project\Source\smartmeter_1\smartcarlog-master\src\test\resources
2019-10-19 16:20:47,328 [Worker-95] INFO  o.e.m.c.i.embedder.EclipseLogger - Using 'UTF-8' encoding to copy filtered resources.
2019-10-19 16:20:47,328 [Worker-95] INFO  o.e.m.c.i.embedder.EclipseLogger - skip non existing resourceDirectory D:\Bigdata_Project\Final_project\Source\smartmeter_1\smartcarlog-master\src\main\resources
2019-10-19 16:20:47,328 [Worker-95] INFO  o.e.m.c.i.embedder.EclipseLogger - Using 'UTF-8' encoding to copy filtered resources.
2019-10-19 16:20:47,328 [Worker-95] INFO  o.e.m.c.i.embedder.EclipseLogger - skip non existing resourceDirectory D:\Bigdata_Project\Final_project\Source\smartmeter_1\smartcarlog-master\src\test\resources
2019-10-19 16:20:51,999 [Worker-94] INFO  o.e.m.c.i.embedder.EclipseLogger - Using 'UTF-8' encoding to copy filtered resources.
2019-10-19 16:20:51,999 [Worker-94] INFO  o.e.m.c.i.embedder.EclipseLogger - skip non existing resourceDirectory D:\Bigdata_Project\Final_project\Source\smartmeter_1\smartcarlog-master\src\main\resources
2019-10-19 16:20:51,999 [Worker-94] INFO  o.e.m.c.i.embedder.EclipseLogger - Using 'UTF-8' encoding to copy filtered resources.
2019-10-19 16:20:51,999 [Worker-94] INFO  o.e.m.c.i.embedder.EclipseLogger - skip non existing resourceDirectory D:\Bigdata_Project\Final_project\Source\smartmeter_1\smartcarlog-master\src\test\resources
2019-10-19 16:21:24,783 [Worker-98] INFO  o.e.m.c.i.embedder.EclipseLogger - Using 'UTF-8' encoding to copy filtered resources.
2019-10-19 16:21:24,783 [Worker-98] INFO  o.e.m.c.i.embedder.EclipseLogger - skip non existing resourceDirectory D:\Bigdata_Project\Final_project\Source\smartmeter_1\smartcarlog-master\src\main\resources
2019-10-19 16:21:24,783 [Worker-98] INFO  o.e.m.c.i.embedder.EclipseLogger - Using 'UTF-8' encoding to copy filtered resources.
2019-10-19 16:21:24,783 [Worker-98] INFO  o.e.m.c.i.embedder.EclipseLogger - skip non existing resourceDirectory D:\Bigdata_Project\Final_project\Source\smartmeter_1\smartcarlog-master\src\test\resources
2019-10-19 16:23:44,612 [Worker-97] INFO  o.e.m.c.i.embedder.EclipseLogger - Using 'UTF-8' encoding to copy filtered resources.
2019-10-19 16:23:44,612 [Worker-97] INFO  o.e.m.c.i.embedder.EclipseLogger - skip non existing resourceDirectory D:\Bigdata_Project\Final_project\Source\smartmeter_1\smartcarlog-master\src\main\resources
2019-10-19 16:23:44,612 [Worker-97] INFO  o.e.m.c.i.embedder.EclipseLogger - Using 'UTF-8' encoding to copy filtered resources.
2019-10-19 16:23:44,612 [Worker-97] INFO  o.e.m.c.i.embedder.EclipseLogger - skip non existing resourceDirectory D:\Bigdata_Project\Final_project\Source\smartmeter_1\smartcarlog-master\src\test\resources
2019-10-19 16:24:06,236 [Worker-98] INFO  o.e.m.c.i.embedder.EclipseLogger - Using 'UTF-8' encoding to copy filtered resources.
2019-10-19 16:24:06,236 [Worker-98] INFO  o.e.m.c.i.embedder.EclipseLogger - skip non existing resourceDirectory D:\Bigdata_Project\Final_project\Source\smartmeter_1\smartcarlog-master\src\main\resources
2019-10-19 16:24:06,236 [Worker-98] INFO  o.e.m.c.i.embedder.EclipseLogger - Using 'UTF-8' encoding to copy filtered resources.
2019-10-19 16:24:06,236 [Worker-98] INFO  o.e.m.c.i.embedder.EclipseLogger - skip non existing resourceDirectory D:\Bigdata_Project\Final_project\Source\smartmeter_1\smartcarlog-master\src\test\resources
2019-10-19 16:24:22,190 [Worker-95] INFO  o.e.m.c.i.embedder.EclipseLogger - Using 'UTF-8' encoding to copy filtered resources.
2019-10-19 16:24:22,190 [Worker-95] INFO  o.e.m.c.i.embedder.EclipseLogger - skip non existing resourceDirectory D:\Bigdata_Project\Final_project\Source\smartmeter_1\smartcarlog-master\src\main\resources
2019-10-19 16:24:22,190 [Worker-95] INFO  o.e.m.c.i.embedder.EclipseLogger - Using 'UTF-8' encoding to copy filtered resources.
2019-10-19 16:24:22,190 [Worker-95] INFO  o.e.m.c.i.embedder.EclipseLogger - skip non existing resourceDirectory D:\Bigdata_Project\Final_project\Source\smartmeter_1\smartcarlog-master\src\test\resources
2019-10-19 16:24:48,409 [Worker-97] INFO  o.e.m.c.i.embedder.EclipseLogger - Using 'UTF-8' encoding to copy filtered resources.
2019-10-19 16:24:48,409 [Worker-97] INFO  o.e.m.c.i.embedder.EclipseLogger - skip non existing resourceDirectory D:\Bigdata_Project\Final_project\Source\smartmeter_1\smartcarlog-master\src\main\resources
2019-10-19 16:24:48,409 [Worker-97] INFO  o.e.m.c.i.embedder.EclipseLogger - Using 'UTF-8' encoding to copy filtered resources.
2019-10-19 16:24:48,409 [Worker-97] INFO  o.e.m.c.i.embedder.EclipseLogger - skip non existing resourceDirectory D:\Bigdata_Project\Final_project\Source\smartmeter_1\smartcarlog-master\src\test\resources
2019-10-19 16:25:24,818 [Worker-96] INFO  o.e.m.c.i.embedder.EclipseLogger - Using 'UTF-8' encoding to copy filtered resources.
2019-10-19 16:25:24,818 [Worker-96] INFO  o.e.m.c.i.embedder.EclipseLogger - skip non existing resourceDirectory D:\Bigdata_Project\Final_project\Source\smartmeter_1\smartcarlog-master\src\main\resources
2019-10-19 16:25:24,818 [Worker-96] INFO  o.e.m.c.i.embedder.EclipseLogger - Using 'UTF-8' encoding to copy filtered resources.
2019-10-19 16:25:24,818 [Worker-96] INFO  o.e.m.c.i.embedder.EclipseLogger - skip non existing resourceDirectory D:\Bigdata_Project\Final_project\Source\smartmeter_1\smartcarlog-master\src\test\resources
2019-10-19 16:25:31,895 [Worker-98] INFO  o.e.m.c.i.embedder.EclipseLogger - Using 'UTF-8' encoding to copy filtered resources.
2019-10-19 16:25:31,895 [Worker-98] INFO  o.e.m.c.i.embedder.EclipseLogger - skip non existing resourceDirectory D:\Bigdata_Project\Final_project\Source\smartmeter_1\smartcarlog-master\src\main\resources
2019-10-19 16:25:31,895 [Worker-98] INFO  o.e.m.c.i.embedder.EclipseLogger - Using 'UTF-8' encoding to copy filtered resources.
2019-10-19 16:25:31,895 [Worker-98] INFO  o.e.m.c.i.embedder.EclipseLogger - skip non existing resourceDirectory D:\Bigdata_Project\Final_project\Source\smartmeter_1\smartcarlog-master\src\test\resources
2019-10-19 16:25:41,928 [Worker-96] INFO  o.e.m.c.i.embedder.EclipseLogger - Using 'UTF-8' encoding to copy filtered resources.
2019-10-19 16:25:41,928 [Worker-96] INFO  o.e.m.c.i.embedder.EclipseLogger - skip non existing resourceDirectory D:\Bigdata_Project\Final_project\Source\smartmeter_1\smartcarlog-master\src\main\resources
2019-10-19 16:25:41,928 [Worker-96] INFO  o.e.m.c.i.embedder.EclipseLogger - Using 'UTF-8' encoding to copy filtered resources.
2019-10-19 16:25:41,928 [Worker-96] INFO  o.e.m.c.i.embedder.EclipseLogger - skip non existing resourceDirectory D:\Bigdata_Project\Final_project\Source\smartmeter_1\smartcarlog-master\src\test\resources
2019-10-19 16:28:25,599 [Worker-107] INFO  o.e.m.c.i.embedder.EclipseLogger - Using 'UTF-8' encoding to copy filtered resources.
2019-10-19 16:28:25,599 [Worker-107] INFO  o.e.m.c.i.embedder.EclipseLogger - skip non existing resourceDirectory D:\Bigdata_Project\Final_project\Source\smartmeter_1\smartcarlog-master\src\main\resources
2019-10-19 16:28:25,599 [Worker-107] INFO  o.e.m.c.i.embedder.EclipseLogger - Using 'UTF-8' encoding to copy filtered resources.
2019-10-19 16:28:25,599 [Worker-107] INFO  o.e.m.c.i.embedder.EclipseLogger - skip non existing resourceDirectory D:\Bigdata_Project\Final_project\Source\smartmeter_1\smartcarlog-master\src\test\resources
2019-10-19 16:31:21,898 [Worker-108] INFO  o.e.m.c.i.embedder.EclipseLogger - Using 'UTF-8' encoding to copy filtered resources.
2019-10-19 16:31:21,898 [Worker-108] INFO  o.e.m.c.i.embedder.EclipseLogger - skip non existing resourceDirectory D:\Bigdata_Project\Final_project\Source\smartmeter_1\smartcarlog-master\src\main\resources
2019-10-19 16:31:21,898 [Worker-108] INFO  o.e.m.c.i.embedder.EclipseLogger - Using 'UTF-8' encoding to copy filtered resources.
2019-10-19 16:31:21,898 [Worker-108] INFO  o.e.m.c.i.embedder.EclipseLogger - skip non existing resourceDirectory D:\Bigdata_Project\Final_project\Source\smartmeter_1\smartcarlog-master\src\test\resources
2019-10-19 16:31:45,273 [Worker-107] INFO  o.e.m.c.i.embedder.EclipseLogger - Using 'UTF-8' encoding to copy filtered resources.
2019-10-19 16:31:45,273 [Worker-107] INFO  o.e.m.c.i.embedder.EclipseLogger - skip non existing resourceDirectory D:\Bigdata_Project\Final_project\Source\smartmeter_1\smartcarlog-master\src\main\resources
2019-10-19 16:31:45,273 [Worker-107] INFO  o.e.m.c.i.embedder.EclipseLogger - Using 'UTF-8' encoding to copy filtered resources.
2019-10-19 16:31:45,273 [Worker-107] INFO  o.e.m.c.i.embedder.EclipseLogger - skip non existing resourceDirectory D:\Bigdata_Project\Final_project\Source\smartmeter_1\smartcarlog-master\src\test\resources
2019-10-19 16:32:40,930 [Worker-107] INFO  o.e.m.c.i.embedder.EclipseLogger - Using 'UTF-8' encoding to copy filtered resources.
2019-10-19 16:32:40,930 [Worker-107] INFO  o.e.m.c.i.embedder.EclipseLogger - skip non existing resourceDirectory D:\Bigdata_Project\Final_project\Source\smartmeter_1\smartcarlog-master\src\main\resources
2019-10-19 16:32:40,930 [Worker-107] INFO  o.e.m.c.i.embedder.EclipseLogger - Using 'UTF-8' encoding to copy filtered resources.
2019-10-19 16:32:40,930 [Worker-107] INFO  o.e.m.c.i.embedder.EclipseLogger - skip non existing resourceDirectory D:\Bigdata_Project\Final_project\Source\smartmeter_1\smartcarlog-master\src\test\resources
2019-10-19 16:33:15,166 [Worker-111] INFO  o.e.m.c.i.embedder.EclipseLogger - Using 'UTF-8' encoding to copy filtered resources.
2019-10-19 16:33:15,166 [Worker-111] INFO  o.e.m.c.i.embedder.EclipseLogger - skip non existing resourceDirectory D:\Bigdata_Project\Final_project\Source\smartmeter_1\smartcarlog-master\src\main\resources
2019-10-19 16:33:15,166 [Worker-111] INFO  o.e.m.c.i.embedder.EclipseLogger - Using 'UTF-8' encoding to copy filtered resources.
2019-10-19 16:33:15,166 [Worker-111] INFO  o.e.m.c.i.embedder.EclipseLogger - skip non existing resourceDirectory D:\Bigdata_Project\Final_project\Source\smartmeter_1\smartcarlog-master\src\test\resources
2019-10-19 16:33:36,009 [Worker-107] INFO  o.e.m.c.i.embedder.EclipseLogger - Using 'UTF-8' encoding to copy filtered resources.
2019-10-19 16:33:36,009 [Worker-107] INFO  o.e.m.c.i.embedder.EclipseLogger - skip non existing resourceDirectory D:\Bigdata_Project\Final_project\Source\smartmeter_1\smartcarlog-master\src\main\resources
2019-10-19 16:33:36,009 [Worker-107] INFO  o.e.m.c.i.embedder.EclipseLogger - Using 'UTF-8' encoding to copy filtered resources.
2019-10-19 16:33:36,009 [Worker-107] INFO  o.e.m.c.i.embedder.EclipseLogger - skip non existing resourceDirectory D:\Bigdata_Project\Final_project\Source\smartmeter_1\smartcarlog-master\src\test\resources
2019-10-19 16:45:27,238 [Worker-116] INFO  o.e.m.c.i.embedder.EclipseLogger - Using 'UTF-8' encoding to copy filtered resources.
2019-10-19 16:45:27,239 [Worker-116] INFO  o.e.m.c.i.embedder.EclipseLogger - skip non existing resourceDirectory D:\Bigdata_Project\Final_project\Source\smartmeter_1\smartcarlog-master\src\main\resources
2019-10-19 16:45:27,239 [Worker-116] INFO  o.e.m.c.i.embedder.EclipseLogger - Using 'UTF-8' encoding to copy filtered resources.
2019-10-19 16:45:27,239 [Worker-116] INFO  o.e.m.c.i.embedder.EclipseLogger - skip non existing resourceDirectory D:\Bigdata_Project\Final_project\Source\smartmeter_1\smartcarlog-master\src\test\resources
2019-10-19 16:52:31,916 [Worker-107] INFO  o.e.m.c.i.embedder.EclipseLogger - Using 'UTF-8' encoding to copy filtered resources.
2019-10-19 16:52:31,917 [Worker-107] INFO  o.e.m.c.i.embedder.EclipseLogger - skip non existing resourceDirectory D:\Bigdata_Project\Final_project\Source\smartmeter_1\smartcarlog-master\src\main\resources
2019-10-19 16:52:31,917 [Worker-107] INFO  o.e.m.c.i.embedder.EclipseLogger - Using 'UTF-8' encoding to copy filtered resources.
2019-10-19 16:52:31,917 [Worker-107] INFO  o.e.m.c.i.embedder.EclipseLogger - skip non existing resourceDirectory D:\Bigdata_Project\Final_project\Source\smartmeter_1\smartcarlog-master\src\test\resources
2019-10-19 16:57:06,414 [Worker-117] INFO  o.e.m.c.i.embedder.EclipseLogger - Using 'UTF-8' encoding to copy filtered resources.
2019-10-19 16:57:06,414 [Worker-117] INFO  o.e.m.c.i.embedder.EclipseLogger - skip non existing resourceDirectory D:\Bigdata_Project\Final_project\Source\smartmeter_1\smartcarlog-master\src\main\resources
2019-10-19 16:57:06,415 [Worker-117] INFO  o.e.m.c.i.embedder.EclipseLogger - Using 'UTF-8' encoding to copy filtered resources.
2019-10-19 16:57:06,415 [Worker-117] INFO  o.e.m.c.i.embedder.EclipseLogger - skip non existing resourceDirectory D:\Bigdata_Project\Final_project\Source\smartmeter_1\smartcarlog-master\src\test\resources
2019-10-19 16:58:05,711 [Worker-121] INFO  o.e.m.c.i.embedder.EclipseLogger - Using 'UTF-8' encoding to copy filtered resources.
2019-10-19 16:58:05,711 [Worker-121] INFO  o.e.m.c.i.embedder.EclipseLogger - skip non existing resourceDirectory D:\Bigdata_Project\Final_project\Source\smartmeter_1\smartcarlog-master\src\main\resources
2019-10-19 16:58:05,712 [Worker-121] INFO  o.e.m.c.i.embedder.EclipseLogger - Using 'UTF-8' encoding to copy filtered resources.
2019-10-19 16:58:05,712 [Worker-121] INFO  o.e.m.c.i.embedder.EclipseLogger - skip non existing resourceDirectory D:\Bigdata_Project\Final_project\Source\smartmeter_1\smartcarlog-master\src\test\resources
2019-10-19 16:58:16,226 [Worker-118] INFO  o.e.m.c.i.embedder.EclipseLogger - Using 'UTF-8' encoding to copy filtered resources.
2019-10-19 16:58:16,226 [Worker-118] INFO  o.e.m.c.i.embedder.EclipseLogger - skip non existing resourceDirectory D:\Bigdata_Project\Final_project\Source\smartmeter_1\smartcarlog-master\src\main\resources
2019-10-19 16:58:16,227 [Worker-118] INFO  o.e.m.c.i.embedder.EclipseLogger - Using 'UTF-8' encoding to copy filtered resources.
2019-10-19 16:58:16,227 [Worker-118] INFO  o.e.m.c.i.embedder.EclipseLogger - skip non existing resourceDirectory D:\Bigdata_Project\Final_project\Source\smartmeter_1\smartcarlog-master\src\test\resources
2019-10-19 17:07:17,800 [Worker-121] INFO  o.e.m.c.i.embedder.EclipseLogger - Using 'UTF-8' encoding to copy filtered resources.
2019-10-19 17:07:17,801 [Worker-121] INFO  o.e.m.c.i.embedder.EclipseLogger - skip non existing resourceDirectory D:\Bigdata_Project\Final_project\Source\smartmeter_1\smartcarlog-master\src\main\resources
2019-10-19 17:07:17,801 [Worker-121] INFO  o.e.m.c.i.embedder.EclipseLogger - Using 'UTF-8' encoding to copy filtered resources.
2019-10-19 17:07:17,801 [Worker-121] INFO  o.e.m.c.i.embedder.EclipseLogger - skip non existing resourceDirectory D:\Bigdata_Project\Final_project\Source\smartmeter_1\smartcarlog-master\src\test\resources
2019-10-19 17:09:56,470 [Worker-121] INFO  o.e.m.c.i.embedder.EclipseLogger - Using 'UTF-8' encoding to copy filtered resources.
2019-10-19 17:09:56,470 [Worker-121] INFO  o.e.m.c.i.embedder.EclipseLogger - skip non existing resourceDirectory D:\Bigdata_Project\Final_project\Source\smartmeter_1\smartcarlog-master\src\main\resources
2019-10-19 17:09:56,471 [Worker-121] INFO  o.e.m.c.i.embedder.EclipseLogger - Using 'UTF-8' encoding to copy filtered resources.
2019-10-19 17:09:56,471 [Worker-121] INFO  o.e.m.c.i.embedder.EclipseLogger - skip non existing resourceDirectory D:\Bigdata_Project\Final_project\Source\smartmeter_1\smartcarlog-master\src\test\resources
2019-10-19 17:16:47,086 [Worker-125] INFO  o.e.m.c.i.embedder.EclipseLogger - Using 'UTF-8' encoding to copy filtered resources.
2019-10-19 17:16:47,086 [Worker-125] INFO  o.e.m.c.i.embedder.EclipseLogger - skip non existing resourceDirectory D:\Bigdata_Project\Final_project\Source\smartmeter_1\smartcarlog-master\src\main\resources
2019-10-19 17:16:47,087 [Worker-125] INFO  o.e.m.c.i.embedder.EclipseLogger - Using 'UTF-8' encoding to copy filtered resources.
2019-10-19 17:16:47,087 [Worker-125] INFO  o.e.m.c.i.embedder.EclipseLogger - skip non existing resourceDirectory D:\Bigdata_Project\Final_project\Source\smartmeter_1\smartcarlog-master\src\test\resources
2019-10-19 17:16:50,639 [Worker-122] INFO  o.e.m.c.i.embedder.EclipseLogger - Using 'UTF-8' encoding to copy filtered resources.
2019-10-19 17:16:50,639 [Worker-122] INFO  o.e.m.c.i.embedder.EclipseLogger - skip non existing resourceDirectory D:\Bigdata_Project\Final_project\Source\smartmeter_1\smartcarlog-master\src\main\resources
2019-10-19 17:16:50,639 [Worker-122] INFO  o.e.m.c.i.embedder.EclipseLogger - Using 'UTF-8' encoding to copy filtered resources.
2019-10-19 17:16:50,639 [Worker-122] INFO  o.e.m.c.i.embedder.EclipseLogger - skip non existing resourceDirectory D:\Bigdata_Project\Final_project\Source\smartmeter_1\smartcarlog-master\src\test\resources
2019-10-19 17:29:00,550 [Worker-127] INFO  o.e.m.c.i.embedder.EclipseLogger - Using 'UTF-8' encoding to copy filtered resources.
2019-10-19 17:29:00,550 [Worker-127] INFO  o.e.m.c.i.embedder.EclipseLogger - skip non existing resourceDirectory D:\Bigdata_Project\Final_project\Source\smartmeter_1\smartcarlog-master\src\main\resources
2019-10-19 17:29:00,551 [Worker-127] INFO  o.e.m.c.i.embedder.EclipseLogger - Using 'UTF-8' encoding to copy filtered resources.
2019-10-19 17:29:00,551 [Worker-127] INFO  o.e.m.c.i.embedder.EclipseLogger - skip non existing resourceDirectory D:\Bigdata_Project\Final_project\Source\smartmeter_1\smartcarlog-master\src\test\resources
2019-10-19 17:29:41,455 [Worker-129] INFO  o.e.m.c.i.embedder.EclipseLogger - Using 'UTF-8' encoding to copy filtered resources.
2019-10-19 17:29:41,455 [Worker-129] INFO  o.e.m.c.i.embedder.EclipseLogger - skip non existing resourceDirectory D:\Bigdata_Project\Final_project\Source\smartmeter_1\smartcarlog-master\src\main\resources
2019-10-19 17:29:41,456 [Worker-129] INFO  o.e.m.c.i.embedder.EclipseLogger - Using 'UTF-8' encoding to copy filtered resources.
2019-10-19 17:29:41,456 [Worker-129] INFO  o.e.m.c.i.embedder.EclipseLogger - skip non existing resourceDirectory D:\Bigdata_Project\Final_project\Source\smartmeter_1\smartcarlog-master\src\test\resources
2019-10-19 17:29:46,591 [Worker-128] INFO  o.e.m.c.i.embedder.EclipseLogger - Using 'UTF-8' encoding to copy filtered resources.
2019-10-19 17:29:46,591 [Worker-128] INFO  o.e.m.c.i.embedder.EclipseLogger - skip non existing resourceDirectory D:\Bigdata_Project\Final_project\Source\smartmeter_1\smartcarlog-master\src\main\resources
2019-10-19 17:29:46,592 [Worker-128] INFO  o.e.m.c.i.embedder.EclipseLogger - Using 'UTF-8' encoding to copy filtered resources.
2019-10-19 17:29:46,592 [Worker-128] INFO  o.e.m.c.i.embedder.EclipseLogger - skip non existing resourceDirectory D:\Bigdata_Project\Final_project\Source\smartmeter_1\smartcarlog-master\src\test\resources
2019-10-19 17:30:02,575 [Worker-131] INFO  o.e.m.c.i.embedder.EclipseLogger - Using 'UTF-8' encoding to copy filtered resources.
2019-10-19 17:30:02,575 [Worker-131] INFO  o.e.m.c.i.embedder.EclipseLogger - skip non existing resourceDirectory D:\Bigdata_Project\Final_project\Source\smartmeter_1\smartcarlog-master\src\main\resources
2019-10-19 17:30:02,576 [Worker-131] INFO  o.e.m.c.i.embedder.EclipseLogger - Using 'UTF-8' encoding to copy filtered resources.
2019-10-19 17:30:02,576 [Worker-131] INFO  o.e.m.c.i.embedder.EclipseLogger - skip non existing resourceDirectory D:\Bigdata_Project\Final_project\Source\smartmeter_1\smartcarlog-master\src\test\resources
2019-10-19 17:30:05,742 [Worker-131] INFO  o.e.m.c.i.embedder.EclipseLogger - Using 'UTF-8' encoding to copy filtered resources.
2019-10-19 17:30:05,742 [Worker-131] INFO  o.e.m.c.i.embedder.EclipseLogger - skip non existing resourceDirectory D:\Bigdata_Project\Final_project\Source\smartmeter_1\smartcarlog-master\src\main\resources
2019-10-19 17:30:05,742 [Worker-131] INFO  o.e.m.c.i.embedder.EclipseLogger - Using 'UTF-8' encoding to copy filtered resources.
2019-10-19 17:30:05,742 [Worker-131] INFO  o.e.m.c.i.embedder.EclipseLogger - skip non existing resourceDirectory D:\Bigdata_Project\Final_project\Source\smartmeter_1\smartcarlog-master\src\test\resources
2019-10-19 17:30:27,612 [Worker-128] INFO  o.e.m.c.i.embedder.EclipseLogger - Using 'UTF-8' encoding to copy filtered resources.
2019-10-19 17:30:27,612 [Worker-128] INFO  o.e.m.c.i.embedder.EclipseLogger - skip non existing resourceDirectory D:\Bigdata_Project\Final_project\Source\smartmeter_1\smartcarlog-master\src\main\resources
2019-10-19 17:30:27,613 [Worker-128] INFO  o.e.m.c.i.embedder.EclipseLogger - Using 'UTF-8' encoding to copy filtered resources.
2019-10-19 17:30:27,613 [Worker-128] INFO  o.e.m.c.i.embedder.EclipseLogger - skip non existing resourceDirectory D:\Bigdata_Project\Final_project\Source\smartmeter_1\smartcarlog-master\src\test\resources
2019-10-19 17:32:39,439 [Worker-128] INFO  o.e.m.c.i.embedder.EclipseLogger - Using 'UTF-8' encoding to copy filtered resources.
2019-10-19 17:32:39,439 [Worker-128] INFO  o.e.m.c.i.embedder.EclipseLogger - skip non existing resourceDirectory D:\Bigdata_Project\Final_project\Source\smartmeter_1\smartcarlog-master\src\main\resources
2019-10-19 17:32:39,440 [Worker-128] INFO  o.e.m.c.i.embedder.EclipseLogger - Using 'UTF-8' encoding to copy filtered resources.
2019-10-19 17:32:39,440 [Worker-128] INFO  o.e.m.c.i.embedder.EclipseLogger - skip non existing resourceDirectory D:\Bigdata_Project\Final_project\Source\smartmeter_1\smartcarlog-master\src\test\resources
2019-10-19 17:36:25,984 [Worker-125] INFO  o.e.m.c.i.embedder.EclipseLogger - Using 'UTF-8' encoding to copy filtered resources.
2019-10-19 17:36:25,984 [Worker-125] INFO  o.e.m.c.i.embedder.EclipseLogger - skip non existing resourceDirectory D:\Bigdata_Project\Final_project\Source\smartmeter_1\smartcarlog-master\src\main\resources
2019-10-19 17:36:25,984 [Worker-125] INFO  o.e.m.c.i.embedder.EclipseLogger - Using 'UTF-8' encoding to copy filtered resources.
2019-10-19 17:36:25,984 [Worker-125] INFO  o.e.m.c.i.embedder.EclipseLogger - skip non existing resourceDirectory D:\Bigdata_Project\Final_project\Source\smartmeter_1\smartcarlog-master\src\test\resources
2019-10-19 17:38:24,121 [Worker-129] INFO  o.e.m.c.i.embedder.EclipseLogger - Using 'UTF-8' encoding to copy filtered resources.
2019-10-19 17:38:24,121 [Worker-129] INFO  o.e.m.c.i.embedder.EclipseLogger - skip non existing resourceDirectory D:\Bigdata_Project\Final_project\Source\smartmeter_1\smartcarlog-master\src\main\resources
2019-10-19 17:38:24,121 [Worker-129] INFO  o.e.m.c.i.embedder.EclipseLogger - Using 'UTF-8' encoding to copy filtered resources.
2019-10-19 17:38:24,121 [Worker-129] INFO  o.e.m.c.i.embedder.EclipseLogger - skip non existing resourceDirectory D:\Bigdata_Project\Final_project\Source\smartmeter_1\smartcarlog-master\src\test\resources
2019-10-19 17:41:49,089 [Worker-130] INFO  o.e.m.c.i.embedder.EclipseLogger - Using 'UTF-8' encoding to copy filtered resources.
2019-10-19 17:41:49,089 [Worker-130] INFO  o.e.m.c.i.embedder.EclipseLogger - skip non existing resourceDirectory D:\Bigdata_Project\Final_project\Source\smartmeter_1\smartcarlog-master\src\main\resources
2019-10-19 17:41:49,090 [Worker-130] INFO  o.e.m.c.i.embedder.EclipseLogger - Using 'UTF-8' encoding to copy filtered resources.
2019-10-19 17:41:49,090 [Worker-130] INFO  o.e.m.c.i.embedder.EclipseLogger - skip non existing resourceDirectory D:\Bigdata_Project\Final_project\Source\smartmeter_1\smartcarlog-master\src\test\resources
2019-10-19 17:46:35,447 [Worker-134] INFO  o.e.m.c.i.embedder.EclipseLogger - Using 'UTF-8' encoding to copy filtered resources.
2019-10-19 17:46:35,447 [Worker-134] INFO  o.e.m.c.i.embedder.EclipseLogger - skip non existing resourceDirectory D:\Bigdata_Project\Final_project\Source\smartmeter_1\smartcarlog-master\src\main\resources
2019-10-19 17:46:35,448 [Worker-134] INFO  o.e.m.c.i.embedder.EclipseLogger - Using 'UTF-8' encoding to copy filtered resources.
2019-10-19 17:46:35,448 [Worker-134] INFO  o.e.m.c.i.embedder.EclipseLogger - skip non existing resourceDirectory D:\Bigdata_Project\Final_project\Source\smartmeter_1\smartcarlog-master\src\test\resources
2019-10-19 17:50:51,251 [Worker-137] INFO  o.e.m.c.i.embedder.EclipseLogger - Using 'UTF-8' encoding to copy filtered resources.
2019-10-19 17:50:51,251 [Worker-137] INFO  o.e.m.c.i.embedder.EclipseLogger - skip non existing resourceDirectory D:\Bigdata_Project\Final_project\Source\smartmeter_1\smartcarlog-master\src\main\resources
2019-10-19 17:50:51,251 [Worker-137] INFO  o.e.m.c.i.embedder.EclipseLogger - Using 'UTF-8' encoding to copy filtered resources.
2019-10-19 17:50:51,251 [Worker-137] INFO  o.e.m.c.i.embedder.EclipseLogger - skip non existing resourceDirectory D:\Bigdata_Project\Final_project\Source\smartmeter_1\smartcarlog-master\src\test\resources
2019-10-19 17:51:51,393 [Worker-134] INFO  o.e.m.c.i.embedder.EclipseLogger - Using 'UTF-8' encoding to copy filtered resources.
2019-10-19 17:51:51,393 [Worker-134] INFO  o.e.m.c.i.embedder.EclipseLogger - skip non existing resourceDirectory D:\Bigdata_Project\Final_project\Source\smartmeter_1\smartcarlog-master\src\main\resources
2019-10-19 17:51:51,393 [Worker-134] INFO  o.e.m.c.i.embedder.EclipseLogger - Using 'UTF-8' encoding to copy filtered resources.
2019-10-19 17:51:51,393 [Worker-134] INFO  o.e.m.c.i.embedder.EclipseLogger - skip non existing resourceDirectory D:\Bigdata_Project\Final_project\Source\smartmeter_1\smartcarlog-master\src\test\resources
2019-10-19 17:53:57,509 [Worker-137] INFO  o.e.m.c.i.embedder.EclipseLogger - Using 'UTF-8' encoding to copy filtered resources.
2019-10-19 17:53:57,509 [Worker-137] INFO  o.e.m.c.i.embedder.EclipseLogger - skip non existing resourceDirectory D:\Bigdata_Project\Final_project\Source\smartmeter_1\smartcarlog-master\src\main\resources
2019-10-19 17:53:57,509 [Worker-137] INFO  o.e.m.c.i.embedder.EclipseLogger - Using 'UTF-8' encoding to copy filtered resources.
2019-10-19 17:53:57,509 [Worker-137] INFO  o.e.m.c.i.embedder.EclipseLogger - skip non existing resourceDirectory D:\Bigdata_Project\Final_project\Source\smartmeter_1\smartcarlog-master\src\test\resources
2019-10-19 17:56:39,904 [Worker-137] INFO  o.e.m.c.i.embedder.EclipseLogger - Using 'UTF-8' encoding to copy filtered resources.
2019-10-19 17:56:39,904 [Worker-137] INFO  o.e.m.c.i.embedder.EclipseLogger - skip non existing resourceDirectory D:\Bigdata_Project\Final_project\Source\smartmeter_1\smartcarlog-master\src\main\resources
2019-10-19 17:56:39,904 [Worker-137] INFO  o.e.m.c.i.embedder.EclipseLogger - Using 'UTF-8' encoding to copy filtered resources.
2019-10-19 17:56:39,904 [Worker-137] INFO  o.e.m.c.i.embedder.EclipseLogger - skip non existing resourceDirectory D:\Bigdata_Project\Final_project\Source\smartmeter_1\smartcarlog-master\src\test\resources
2019-10-19 17:57:09,623 [Worker-139] INFO  o.e.m.c.i.embedder.EclipseLogger - Using 'UTF-8' encoding to copy filtered resources.
2019-10-19 17:57:09,623 [Worker-139] INFO  o.e.m.c.i.embedder.EclipseLogger - skip non existing resourceDirectory D:\Bigdata_Project\Final_project\Source\smartmeter_1\smartcarlog-master\src\main\resources
2019-10-19 17:57:09,623 [Worker-139] INFO  o.e.m.c.i.embedder.EclipseLogger - Using 'UTF-8' encoding to copy filtered resources.
2019-10-19 17:57:09,623 [Worker-139] INFO  o.e.m.c.i.embedder.EclipseLogger - skip non existing resourceDirectory D:\Bigdata_Project\Final_project\Source\smartmeter_1\smartcarlog-master\src\test\resources
2019-10-19 17:57:17,485 [Worker-139] INFO  o.e.m.c.i.embedder.EclipseLogger - Using 'UTF-8' encoding to copy filtered resources.
2019-10-19 17:57:17,485 [Worker-139] INFO  o.e.m.c.i.embedder.EclipseLogger - skip non existing resourceDirectory D:\Bigdata_Project\Final_project\Source\smartmeter_1\smartcarlog-master\src\main\resources
2019-10-19 17:57:17,485 [Worker-139] INFO  o.e.m.c.i.embedder.EclipseLogger - Using 'UTF-8' encoding to copy filtered resources.
2019-10-19 17:57:17,485 [Worker-139] INFO  o.e.m.c.i.embedder.EclipseLogger - skip non existing resourceDirectory D:\Bigdata_Project\Final_project\Source\smartmeter_1\smartcarlog-master\src\test\resources
2019-10-19 17:57:25,847 [Worker-140] INFO  o.e.m.c.i.embedder.EclipseLogger - Using 'UTF-8' encoding to copy filtered resources.
2019-10-19 17:57:25,847 [Worker-140] INFO  o.e.m.c.i.embedder.EclipseLogger - skip non existing resourceDirectory D:\Bigdata_Project\Final_project\Source\smartmeter_1\smartcarlog-master\src\main\resources
2019-10-19 17:57:25,847 [Worker-140] INFO  o.e.m.c.i.embedder.EclipseLogger - Using 'UTF-8' encoding to copy filtered resources.
2019-10-19 17:57:25,847 [Worker-140] INFO  o.e.m.c.i.embedder.EclipseLogger - skip non existing resourceDirectory D:\Bigdata_Project\Final_project\Source\smartmeter_1\smartcarlog-master\src\test\resources
2019-10-19 17:57:42,648 [Worker-141] INFO  o.e.m.c.i.embedder.EclipseLogger - Using 'UTF-8' encoding to copy filtered resources.
2019-10-19 17:57:42,648 [Worker-141] INFO  o.e.m.c.i.embedder.EclipseLogger - skip non existing resourceDirectory D:\Bigdata_Project\Final_project\Source\smartmeter_1\smartcarlog-master\src\main\resources
2019-10-19 17:57:42,663 [Worker-141] INFO  o.e.m.c.i.embedder.EclipseLogger - Using 'UTF-8' encoding to copy filtered resources.
2019-10-19 17:57:42,663 [Worker-141] INFO  o.e.m.c.i.embedder.EclipseLogger - skip non existing resourceDirectory D:\Bigdata_Project\Final_project\Source\smartmeter_1\smartcarlog-master\src\test\resources
2019-10-19 17:59:22,929 [Worker-142] INFO  o.e.m.c.i.embedder.EclipseLogger - Using 'UTF-8' encoding to copy filtered resources.
2019-10-19 17:59:22,929 [Worker-142] INFO  o.e.m.c.i.embedder.EclipseLogger - skip non existing resourceDirectory D:\Bigdata_Project\Final_project\Source\smartmeter_1\smartcarlog-master\src\main\resources
2019-10-19 17:59:22,929 [Worker-142] INFO  o.e.m.c.i.embedder.EclipseLogger - Using 'UTF-8' encoding to copy filtered resources.
2019-10-19 17:59:22,929 [Worker-142] INFO  o.e.m.c.i.embedder.EclipseLogger - skip non existing resourceDirectory D:\Bigdata_Project\Final_project\Source\smartmeter_1\smartcarlog-master\src\test\resources
2019-10-19 18:02:33,734 [Worker-141] INFO  o.e.m.c.i.embedder.EclipseLogger - Using 'UTF-8' encoding to copy filtered resources.
2019-10-19 18:02:33,734 [Worker-141] INFO  o.e.m.c.i.embedder.EclipseLogger - skip non existing resourceDirectory D:\Bigdata_Project\Final_project\Source\smartmeter_1\smartcarlog-master\src\main\resources
2019-10-19 18:02:33,734 [Worker-141] INFO  o.e.m.c.i.embedder.EclipseLogger - Using 'UTF-8' encoding to copy filtered resources.
2019-10-19 18:02:33,734 [Worker-141] INFO  o.e.m.c.i.embedder.EclipseLogger - skip non existing resourceDirectory D:\Bigdata_Project\Final_project\Source\smartmeter_1\smartcarlog-master\src\test\resources
2019-10-21 09:38:58,390 [Worker-29] INFO  o.e.m.c.i.embedder.EclipseLogger - Using 'UTF-8' encoding to copy filtered resources.
2019-10-21 09:38:58,406 [Worker-29] INFO  o.e.m.c.i.embedder.EclipseLogger - skip non existing resourceDirectory D:\Bigdata_Project\Final_project\Source\smartmeter_1\smartcarlog-master\src\main\resources
2019-10-21 09:38:58,408 [Worker-29] INFO  o.e.m.c.i.embedder.EclipseLogger - Using 'UTF-8' encoding to copy filtered resources.
2019-10-21 09:38:58,408 [Worker-29] INFO  o.e.m.c.i.embedder.EclipseLogger - skip non existing resourceDirectory D:\Bigdata_Project\Final_project\Source\smartmeter_1\smartcarlog-master\src\test\resources
2019-10-21 09:39:12,690 [Worker-32] INFO  o.e.m.c.i.embedder.EclipseLogger - Using 'UTF-8' encoding to copy filtered resources.
2019-10-21 09:39:12,690 [Worker-32] INFO  o.e.m.c.i.embedder.EclipseLogger - skip non existing resourceDirectory D:\Bigdata_Project\Final_project\Source\smartmeter_1\smartcarlog-master\src\main\resources
2019-10-21 09:39:12,691 [Worker-32] INFO  o.e.m.c.i.embedder.EclipseLogger - Using 'UTF-8' encoding to copy filtered resources.
2019-10-21 09:39:12,691 [Worker-32] INFO  o.e.m.c.i.embedder.EclipseLogger - skip non existing resourceDirectory D:\Bigdata_Project\Final_project\Source\smartmeter_1\smartcarlog-master\src\test\resources
2019-10-21 09:39:29,226 [Worker-29] INFO  o.e.m.c.i.embedder.EclipseLogger - Using 'UTF-8' encoding to copy filtered resources.
2019-10-21 09:39:29,226 [Worker-29] INFO  o.e.m.c.i.embedder.EclipseLogger - skip non existing resourceDirectory D:\Bigdata_Project\Final_project\Source\smartmeter_1\smartcarlog-master\src\main\resources
2019-10-21 09:39:29,226 [Worker-29] INFO  o.e.m.c.i.embedder.EclipseLogger - Using 'UTF-8' encoding to copy filtered resources.
2019-10-21 09:39:29,227 [Worker-29] INFO  o.e.m.c.i.embedder.EclipseLogger - skip non existing resourceDirectory D:\Bigdata_Project\Final_project\Source\smartmeter_1\smartcarlog-master\src\test\resources
2019-10-21 09:39:37,855 [Worker-31] INFO  o.e.m.c.i.embedder.EclipseLogger - Using 'UTF-8' encoding to copy filtered resources.
2019-10-21 09:39:37,855 [Worker-31] INFO  o.e.m.c.i.embedder.EclipseLogger - skip non existing resourceDirectory D:\Bigdata_Project\Final_project\Source\smartmeter_1\smartcarlog-master\src\main\resources
2019-10-21 09:39:37,856 [Worker-31] INFO  o.e.m.c.i.embedder.EclipseLogger - Using 'UTF-8' encoding to copy filtered resources.
2019-10-21 09:39:37,856 [Worker-31] INFO  o.e.m.c.i.embedder.EclipseLogger - skip non existing resourceDirectory D:\Bigdata_Project\Final_project\Source\smartmeter_1\smartcarlog-master\src\test\resources
2019-10-21 09:40:12,016 [Worker-30] INFO  o.e.m.c.i.embedder.EclipseLogger - Using 'UTF-8' encoding to copy filtered resources.
2019-10-21 09:40:12,016 [Worker-30] INFO  o.e.m.c.i.embedder.EclipseLogger - skip non existing resourceDirectory D:\Bigdata_Project\Final_project\Source\smartmeter_1\smartcarlog-master\src\main\resources
2019-10-21 09:40:12,017 [Worker-30] INFO  o.e.m.c.i.embedder.EclipseLogger - Using 'UTF-8' encoding to copy filtered resources.
2019-10-21 09:40:12,017 [Worker-30] INFO  o.e.m.c.i.embedder.EclipseLogger - skip non existing resourceDirectory D:\Bigdata_Project\Final_project\Source\smartmeter_1\smartcarlog-master\src\test\resources
2019-10-21 09:45:49,381 [Worker-33] INFO  o.e.m.c.i.embedder.EclipseLogger - Using 'UTF-8' encoding to copy filtered resources.
2019-10-21 09:45:49,382 [Worker-33] INFO  o.e.m.c.i.embedder.EclipseLogger - skip non existing resourceDirectory D:\Bigdata_Project\Final_project\Source\smartmeter_1\smartcarlog-master\src\main\resources
2019-10-21 09:45:49,383 [Worker-33] INFO  o.e.m.c.i.embedder.EclipseLogger - Using 'UTF-8' encoding to copy filtered resources.
2019-10-21 09:45:49,383 [Worker-33] INFO  o.e.m.c.i.embedder.EclipseLogger - skip non existing resourceDirectory D:\Bigdata_Project\Final_project\Source\smartmeter_1\smartcarlog-master\src\test\resources
2019-10-21 10:45:06,158 [Worker-59] INFO  o.e.m.c.i.embedder.EclipseLogger - Using 'UTF-8' encoding to copy filtered resources.
2019-10-21 10:45:06,158 [Worker-59] INFO  o.e.m.c.i.embedder.EclipseLogger - skip non existing resourceDirectory D:\Bigdata_Project\Final_project\Source\smartmeter_1\smartcarlog-master\src\main\resources
2019-10-21 10:45:06,158 [Worker-59] INFO  o.e.m.c.i.embedder.EclipseLogger - Using 'UTF-8' encoding to copy filtered resources.
2019-10-21 10:45:06,158 [Worker-59] INFO  o.e.m.c.i.embedder.EclipseLogger - skip non existing resourceDirectory D:\Bigdata_Project\Final_project\Source\smartmeter_1\smartcarlog-master\src\test\resources
