20191021000000,R0001,1,0.45615002259453513,92:8e:9a:b7:b3:8f
20191021000001,G0001,1,0.5894950490335255,a6:38:96:72:1f:8e
20191021000002,N0001,1,0.7579460315959442,7a:0f:60:9f:5f:6a
20191021000003,J0001,1,1.575092779617472,7c:8d:ed:dd:e7:ad
20191021000004,T0001,1,0.6598516112189694,d4:2d:e5:d1:b3:f6
20191021000005,N0001,1,1.272882163471578,78:d6:ce:cd:3f:50
20191021000006,E0001,1,0.8065352741345745,c2:ea:6b:1b:cc:51
20191021000007,W0001,1,0.9889703472280302,aa:34:83:76:36:e1
20191021000008,T0001,1,0.5574807286588418,ee:fd:be:32:48:5d
20191021000009,O0001,1,0.9528181790854683,7e:c8:f7:c4:91:2a
20191021000010,D0001,1,0.5088247723198819,50:31:5e:d1:4c:26
20191021000011,M0001,1,0.6131233327263879,5e:3c:f2:62:a1:43
20191021000012,H0001,1,0.8282530448987291,2c:d9:7b:15:34:96
20191021000013,B0001,1,0.7951285033661519,2a:b3:64:ef:33:f1
20191021000014,N0001,1,1.2358800732743247,2a:ac:b9:d8:a0:ba
20191021000015,H0001,1,1.380234743288534,54:45:25:3c:70:9f
20191021000016,Z0001,1,0.9304534382281862,64:ba:16:f8:08:1e
20191021000017,Y0001,1,0.614664825847517,30:e2:7e:6d:79:75
20191021000018,L0001,1,1.5376428591884232,ee:c8:f7:19:15:3d
20191021000019,I0001,1,0.6433812204580575,0a:2e:a3:d4:11:e1
20191021000020,L0001,1,1.1401071526247217,c0:1c:ef:53:e7:10
20191021000021,Y0001,1,0.8917799340809753,1a:b2:e2:fc:51:32
20191021000022,G0001,1,0.5795424857281617,a2:fd:7f:1f:8a:ee
20191021000023,Q0001,1,0.5503391595614229,fa:f8:4c:2a:38:7f
20191021000024,A0001,1,0.7015360617188671,90:20:d0:9e:4e:9c
20191021000025,U0001,1,1.029637209165024,10:63:e6:0b:13:0b
20191021000026,H0001,1,0.5231265108855869,88:31:e6:e4:ce:4b
20191021000027,T0001,1,0.8925429008517505,da:a9:6b:50:80:a1
20191021000028,P0001,1,1.0105683296673724,24:a5:3f:69:c0:17
20191021000029,D0001,1,1.2442267414632353,10:ec:7f:81:1e:8a
20191021000030,C0001,1,0.4970735381959684,e0:df:04:14:d8:46
20191021000031,C0001,1,0.8796869461760753,26:98:05:9e:2d:34
20191021000032,R0001,1,1.0878853786954907,b0:c9:67:21:52:93
20191021000033,O0001,1,0.6458505881682076,b4:20:e0:cc:2a:77
20191021000034,L0001,1,0.8674372968131419,ae:e3:61:e8:6b:d1
20191021000035,G0001,1,0.5272339324678286,48:9a:2f:6e:ff:cb
20191021000036,C0001,1,0.7101942062493469,ea:51:e0:3a:88:cb
20191021000037,D0001,1,1.575641748146786,5e:b2:72:29:2f:cc
20191021000038,J0001,1,0.627173019381121,ae:f7:5b:85:bd:81
20191021000039,X0001,1,0.4812719718115608,78:dd:5f:3e:33:7c
20191021000040,J0001,1,0.5515310151387912,50:5e:2d:c0:1f:f0
20191021000041,X0001,1,1.476824870648882,08:17:b7:39:5c:e7
20191021000042,I0001,1,0.9115992077404624,68:cc:54:cb:be:37
20191021000043,D0001,1,0.4644738397278532,a0:dc:17:1d:a7:53
20191021000044,L0001,1,1.1522724866721503,ec:4c:55:b8:91:ea
20191021000045,L0001,1,0.4490771277339501,66:7b:d4:2f:fd:47
20191021000046,I0001,1,0.7954091776399999,64:ce:59:72:19:28
20191021000047,B0001,1,0.7526803388296097,3e:0c:da:3b:e9:5d
20191021000048,R0001,1,1.1164493256447132,4a:09:ee:98:03:be
20191021000049,Y0001,1,1.5568588604355513,ec:83:df:6a:4a:45
20191021000050,Z0001,1,1.0031407005416653,b8:f2:3e:b6:d9:8a
20191021000051,O0001,1,0.7734917676397143,7e:18:1a:ac:31:7f
20191021000052,X0001,1,0.5661401898564937,4a:05:de:af:7a:49
20191021000053,J0001,1,0.7156431913925994,20:4a:18:b2:44:31
20191021000054,N0001,1,0.4742012965570914,50:4c:27:f6:22:5a
20191021000055,T0001,1,1.1298440582244313,5a:71:0f:d0:e1:f4
20191021000056,U0001,1,1.224275898581617,f6:b5:3d:c4:82:97
20191021000057,N0001,1,1.2549991318533118,9e:21:34:9a:75:80
20191021000058,E0001,1,1.047714904042654,28:57:87:1f:34:42
20191021000059,Y0001,1,0.8539874139832748,06:c5:79:e0:f6:98
20191021000100,J0001,1,0.48534611699986036,ae:35:01:f0:3f:63
20191021000101,F0001,1,0.4993568495793152,1e:c1:bf:9c:c2:90
20191021000102,V0001,1,0.8748871262812986,3c:4c:36:82:f2:40
20191021000103,A0001,1,0.5139962916684663,bc:d6:6b:ed:e6:39
20191021000104,F0001,1,1.064828617313371,7c:9c:ef:a1:0d:6d
20191021000105,P0001,1,0.7260629094313018,90:ba:f4:a8:2b:81
20191021000106,J0001,1,1.031918719942366,62:ec:28:e9:2d:b4
20191021000107,K0001,1,1.3758435576613113,c8:98:ac:93:66:c1
20191021000108,M0001,1,1.4408989071187077,9c:61:e5:64:d9:50
20191021000109,T0001,1,0.45392676723299846,ce:4c:4b:0e:f0:aa
20191021000110,O0001,1,0.707611254699743,5a:28:43:cd:fd:ea
20191021000111,Z0001,1,1.4427576047770267,a2:49:79:ab:d9:a4
20191021000112,Y0001,1,0.8981519536811396,ae:4e:f8:00:d1:ef
20191021000113,T0001,1,0.8355833218719843,66:63:28:3c:12:f0
20191021000114,D0001,1,0.7869398222767033,70:80:81:59:c5:d6
20191021000115,M0001,1,1.2311361917391281,f8:17:f7:f8:92:18
20191021000116,T0001,1,0.6440749411983753,2c:29:6e:c6:ad:96
20191021000117,Z0001,1,0.599814185170817,2c:2d:7a:b4:15:86
20191021000118,I0001,1,0.7539897616653846,c0:62:97:9d:fd:f5
20191021000119,M0001,1,0.7066530598354858,d8:4a:25:ed:6f:b1
20191021000120,L0001,1,0.8372672018681102,54:87:f2:f7:76:3a
20191021000121,M0001,1,0.5001718283545241,56:d0:63:10:91:c5
20191021000122,O0001,1,0.5327775833079343,a0:ab:6d:54:bc:20
20191021000123,C0001,1,0.7747389049327859,26:d6:91:36:6e:4b
20191021000124,N0001,1,0.7796745660763199,9c:17:8c:10:40:a6
20191021000125,E0001,1,0.8412401019892353,d0:56:ab:13:15:f5
20191021000126,A0001,1,0.5704385096812113,ce:ac:9b:38:d3:be
20191021000127,C0001,1,1.1092852758991085,fa:c8:f0:1c:26:4c
20191021000128,S0001,1,0.7139435206938237,90:5e:9f:75:42:d4
20191021000129,Y0001,1,0.7550711076003743,fe:58:57:68:44:9d
20191021000130,T0001,1,1.317856666551593,aa:97:e0:52:c8:07
20191021000131,Q0001,1,0.6949207591591721,28:3a:c3:ac:68:24
20191021000132,J0001,1,0.7351637533541235,c4:0c:a4:06:78:dd
20191021000133,K0001,1,1.4656863120718413,4e:ed:4c:4e:d7:69
20191021000134,F0001,1,0.9643135765014694,98:d7:9d:95:25:11
20191021000135,Q0001,1,1.3672726503235808,40:17:5e:6d:60:f4
20191021000136,E0001,1,0.6036992896274366,ac:96:74:98:79:ff
20191021000137,P0001,1,0.8527393637591267,f8:ea:87:52:99:c5
20191021000138,Q0001,1,1.5843403108017062,8e:4e:c8:16:77:c5
20191021000139,F0001,1,0.6651895810356421,d8:34:b9:29:b9:b2
20191021000140,Q0001,1,0.8308599184844199,8c:5b:9e:b0:93:dc
20191021000141,B0001,1,0.9169458780486147,b4:93:37:1b:0c:d9
20191021000142,V0001,1,0.7056558859890114,2e:f0:81:37:f4:30
20191021000143,D0001,1,0.7482984956321499,f0:69:e2:6c:ae:a1
20191021000144,A0001,1,0.8518774302916895,46:45:04:fe:b7:d6
20191021000145,U0001,1,0.5061509913291695,ba:8b:80:15:b1:15
20191021000146,O0001,1,0.5408693653335203,56:c6:39:30:2e:78
20191021000147,E0001,1,0.44593397534015283,c6:ac:0b:e2:7a:46
20191021000148,J0001,1,0.8275274588898662,50:df:07:77:15:47
20191021000149,G0001,1,0.6903737197852573,46:3f:ea:53:94:2d
20191021000150,Q0001,1,1.2279419296586078,10:90:95:bb:bb:dd
20191021000151,H0001,1,0.500465660956205,ac:47:6d:4e:b4:03
20191021000152,X0001,1,0.7083632238013045,6a:9e:4c:33:56:ca
20191021000153,M0001,1,1.2456608437035666,d8:28:bf:b5:ec:23
20191021000154,K0001,1,0.9395832487358153,16:d2:9d:b8:37:79
20191021000155,S0001,1,0.5753215540451254,f4:4a:f4:b1:a3:67
20191021000156,J0001,1,0.4921988980043693,0c:29:08:c7:bb:f9
20191021000157,T0001,1,1.4962662668829165,58:fe:78:90:50:b5
20191021000158,O0001,1,0.563546334590336,44:20:9e:f0:72:34
20191021000159,C0001,1,0.4632152135465186,60:0b:88:e4:29:2f
20191021000200,F0001,1,1.5091185760102928,a0:62:0d:ea:aa:ab
20191021000201,K0001,1,0.46477671761435946,46:51:b1:fb:09:aa
20191021000202,N0001,1,1.4331405941391324,52:5f:64:19:46:12
20191021000203,X0001,1,1.1589419850140732,1e:55:c9:3b:f0:d0
20191021000204,O0001,1,0.8150250291961231,6c:a5:36:da:32:02
20191021000205,Z0001,1,0.7564912169448934,60:84:e0:f6:3c:4d
20191021000206,R0001,1,1.477060619566976,e6:ba:01:2d:79:7c
20191021000207,K0001,1,0.7868051257990855,a6:fe:b8:15:4e:f9
20191021000208,A0001,1,1.3076805153960973,46:19:f1:b5:0b:c8
20191021000209,M0001,1,0.9037476920697795,c4:c3:de:5b:74:86
20191021000210,Z0001,1,0.8467162216215145,9e:55:63:f2:d8:3c
20191021000211,M0001,1,1.3546321017692837,be:82:9c:dd:4e:ba
20191021000212,O0001,1,0.6189788598778795,10:05:38:d5:1c:ec
20191021000213,V0001,1,0.6272733609940782,8a:fe:99:77:b5:6e
20191021000214,O0001,1,1.2460269275740965,b2:eb:d8:b8:e6:7a
20191021000215,H0001,1,1.2275893255164592,3e:a2:25:5b:c2:52
20191021000216,G0001,1,0.8969938043843151,00:c7:d8:b9:98:77
20191021000217,F0001,1,1.4650522420061214,88:9c:bb:17:25:f6
20191021000218,Z0001,1,0.9168165544167765,fc:fc:63:9a:33:f1
20191021000219,J0001,1,0.5108216346380491,f8:1d:77:45:c5:6f
20191021000220,T0001,1,0.6041035721292934,34:25:2b:3a:d4:63
20191021000221,D0001,1,0.8103002739724632,10:f6:e2:c7:6b:ab
20191021000222,Z0001,1,0.874592634091209,70:1b:c3:ef:e7:2a
20191021000223,Q0001,1,0.947868798933197,c2:1d:6f:2d:bc:42
20191021000224,N0001,1,0.8870656327713563,6e:5d:b2:1e:91:c5
20191021000225,J0001,1,0.8566545791683513,34:49:ed:83:c9:7e
20191021000226,C0001,1,0.572464288706297,fa:35:ca:e6:b7:fa
20191021000227,W0001,1,0.905762323954607,06:75:e6:f1:97:f1
20191021000228,C0001,1,0.7318547690224008,00:04:f0:0a:44:1b
20191021000229,C0001,1,1.3754417801963315,3c:ca:06:40:57:a9
20191021000230,Y0001,1,0.4516275897663025,ba:40:cf:09:95:73
20191021000231,F0001,1,0.4842728560903174,48:d1:5c:a0:a0:c0
20191021000232,L0001,1,1.284178972309177,3e:d2:5d:cc:93:f7
20191021000233,K0001,1,0.588523687265444,28:f0:64:84:c3:63
20191021000234,A0001,1,1.335852239993933,c8:e2:61:c6:6f:85
20191021000235,N0001,1,0.46906445166944466,2c:7b:d9:86:3c:7a
20191021000236,R0001,1,0.8956425218645163,20:43:2c:01:f8:e4
20191021000237,J0001,1,1.076000926815391,b4:31:f2:90:d3:af
20191021000238,F0001,1,1.5857768781505428,ec:b4:59:29:0b:ac
20191021000239,G0001,1,0.887927551515433,38:8f:30:0b:e7:e7
20191021000240,O0001,1,0.8730567565358495,8e:db:f6:dd:56:b1
20191021000241,J0001,1,0.902758836364855,32:5f:1b:82:c5:ed
20191021000242,G0001,1,1.47484343571845,30:41:5e:66:f3:74
20191021000243,T0001,1,1.4431038698938952,0e:ae:a5:9b:c8:b0
20191021000244,J0001,1,0.9142248471571914,4e:87:cc:0c:dc:dd
20191021000245,G0001,1,1.5588408905368676,f4:12:dc:9b:e1:31
20191021000246,B0001,1,1.38953057679104,52:e2:57:c3:59:a9
20191021000247,L0001,1,0.7774739928024719,f0:5d:7a:55:3c:ec
20191021000248,J0001,1,0.785523218896913,60:05:79:60:25:19
20191021000249,F0001,1,0.919454456012976,ea:b7:98:e8:f3:e6
20191021000250,U0001,1,0.7006664577744415,8e:be:7f:26:db:dc
20191021000251,Z0001,1,0.5336739962863464,06:a6:13:6f:7f:6f
20191021000252,S0001,1,0.9538160675914259,e4:ec:f9:27:6e:c2
20191021000253,I0001,1,0.5297625409784826,d2:ec:62:f6:c4:2a
20191021000254,M0001,1,1.2059146774940874,92:3f:f8:6c:b3:eb
20191021000255,H0001,1,0.5519226626133629,7c:f0:2b:a8:f9:4f
20191021000256,O0001,1,0.5085468849834432,3e:75:a3:18:82:3e
20191021000257,E0001,1,1.3113537970690916,6c:2a:bc:8c:78:ca
20191021000258,G0001,1,0.4480609022311079,90:df:78:d5:67:ca
20191021000259,S0001,1,0.6770123536726032,10:19:8c:f8:8a:c2
20191021000300,V0001,1,0.9884825048370239,16:50:5a:e4:46:c9
20191021000301,I0001,1,0.5604769403848159,4a:ca:24:09:79:84
20191021000302,Y0001,1,1.0768611123823304,5e:e6:6c:88:f3:eb
20191021000303,B0001,1,0.6903223175935067,78:de:61:61:c5:cd
20191021000304,Y0001,1,0.5374844422265954,5e:d5:10:a5:9f:13
20191021000305,C0001,1,1.4734782980998018,04:b5:90:0d:59:dd
20191021000306,A0001,1,0.6052407582280154,72:e5:25:d0:12:a9
20191021000307,E0001,1,1.0891823441076822,b2:a7:11:97:46:1c
20191021000308,E0001,1,0.5707502806476521,ca:df:a8:e0:12:c7
20191021000309,G0001,1,1.178193745519061,76:f0:d4:98:9c:ee
20191021000310,D0001,1,0.5723511333824548,8c:2a:e3:69:ac:85
20191021000311,Y0001,1,0.8769353592781167,ba:bb:1c:a1:a2:69
20191021000312,O0001,1,1.3139437148070967,5c:d9:86:d2:4f:c9
20191021000313,Q0001,1,1.2237854188802795,56:89:b1:80:83:63
20191021000314,E0001,1,0.8643157426549045,50:67:19:8a:d6:a1
20191021000315,N0001,1,0.7899870861295236,4c:a1:23:f8:3e:23
20191021000316,Y0001,1,0.6942586621589917,88:07:7a:4a:86:74
20191021000317,C0001,1,1.4131780571347337,9c:4b:f7:fc:22:05
20191021000318,K0001,1,1.3001661658109245,12:c0:3e:14:0a:57
20191021000319,Z0001,1,0.9901247959609177,34:e7:a9:ec:83:ea
20191021000320,X0001,1,0.6960835724091028,f4:e8:51:31:b2:52
20191021000321,F0001,1,1.5235033236953728,ec:53:6d:a8:82:de
20191021000322,G0001,1,0.6058297882099992,64:0f:f0:93:28:ec
20191021000323,A0001,1,0.992757508591996,6c:98:4b:84:73:a2
20191021000324,Y0001,1,1.4194393353552563,fa:ef:42:17:54:b4
20191021000325,L0001,1,0.45107316852289897,ea:dd:06:3b:9a:d7
20191021000326,P0001,1,1.1780279877093258,e2:be:f4:52:d4:93
20191021000327,C0001,1,0.9357089804496709,a8:e1:4e:ab:14:15
20191021000328,S0001,1,1.417105245499542,b0:22:ba:0f:54:da
20191021000329,C0001,1,1.5413154504242923,66:f4:fd:ea:00:8c
20191021000330,H0001,1,1.0260273587442472,02:87:58:92:15:03
20191021000331,R0001,1,1.170501554080448,4c:de:4c:e9:3a:69
20191021000332,Y0001,1,0.6683018614291837,f8:c1:fc:b1:7b:38
20191021000333,U0001,1,0.4868357462848464,ac:b9:73:08:51:c8
20191021000334,Y0001,1,0.6239527057097533,40:5f:67:38:62:f3
20191021000335,W0001,1,0.8862363798803283,a2:99:c2:2c:1a:67
20191021000336,J0001,1,0.7198048381533396,26:a0:55:94:03:67
20191021000337,K0001,1,0.5468965604557798,f6:d3:e8:65:50:c1
20191021000338,V0001,1,0.9512363133028973,be:fc:aa:1c:c2:e5
20191021000339,S0001,1,0.5798661308252405,9a:02:e1:40:d6:dd
20191021000340,X0001,1,1.1039827361707535,a4:a6:bb:a8:16:54
20191021000341,B0001,1,0.8759520025045824,4c:be:40:c4:a4:54
20191021000342,V0001,1,0.8921564407674648,e2:2a:b7:46:0e:d3
20191021000343,J0001,1,0.9225712226613988,60:90:bd:7e:48:29
20191021000344,W0001,1,0.8328258034759924,10:35:54:63:97:69
20191021000345,M0001,1,1.573300033987314,64:0a:96:8c:4a:64
20191021000346,I0001,1,1.2631021356801764,6c:e9:ff:41:da:af
20191021000347,O0001,1,1.1122956490534364,68:ba:ff:09:0b:05
20191021000348,S0001,1,0.8335295565154913,86:7e:8d:b9:51:46
20191021000349,D0001,1,1.048425344356945,7a:5b:b4:f1:ba:ab
20191021000350,H0001,1,1.1247960886622206,fc:74:f5:1b:c8:ab
20191021000351,A0001,1,0.8379164405032921,5c:bd:a6:45:b6:6a
20191021000352,X0001,1,1.540403522879981,7e:4f:9c:c6:58:fd
20191021000353,A0001,1,0.6852160863675753,5e:b2:c2:b3:07:61
20191021000354,J0001,1,0.8687035445718997,b0:77:68:71:ea:8f
20191021000355,U0001,1,1.1008441585068802,28:8c:9f:e4:e1:55
20191021000356,C0001,1,1.2850657151695704,da:e4:3a:73:b6:98
20191021000357,J0001,1,1.243468903794255,1a:8e:48:91:40:78
20191021000358,Q0001,1,1.1094311072090877,ac:28:0b:4a:9d:7b
20191021000359,C0001,1,0.8526854336122976,9c:f7:0c:e0:3c:79
20191021000400,X0001,1,0.892969393547488,44:02:f3:4a:90:4b
20191021000401,M0001,1,0.4795745327158882,02:6a:b7:eb:2e:64
20191021000402,F0001,1,0.9159944012628126,b4:48:b1:b3:d9:e3
20191021000403,M0001,1,1.2982517759122272,74:ea:67:92:25:5c
20191021000404,T0001,1,1.179666805838602,de:b2:c0:e0:ae:34
20191021000405,N0001,1,0.9302827700910888,b6:a0:0a:cf:12:33
20191021000406,V0001,1,0.6366302478219995,f8:e2:08:b1:bf:1a
20191021000407,R0001,1,1.2675536150136706,36:89:2d:05:cb:b7
20191021000408,K0001,1,0.910947464153681,30:42:90:ca:f5:be
20191021000409,K0001,1,0.7257306608227265,ae:23:25:d7:65:c3
20191021000410,K0001,1,1.365188992794212,74:2f:46:6c:ad:6d
20191021000411,M0001,1,1.1307512514472384,78:6b:c6:33:02:c6
20191021000412,V0001,1,1.5325004335025532,f8:6d:8a:40:c7:d5
20191021000413,Z0001,1,0.9196339137817994,44:80:d9:e7:44:32
20191021000414,P0001,1,1.053444085420425,4a:53:a6:b4:4c:02
20191021000415,V0001,1,0.9435504259284428,e4:fa:d9:7e:b9:8c
20191021000416,V0001,1,0.9218974105580957,2e:80:a9:9e:7b:ea
20191021000417,Y0001,1,0.5750768134228024,26:3c:9a:82:0d:6c
20191021000418,R0001,1,0.583678642355254,de:cd:4a:45:7f:06
20191021000419,F0001,1,1.480884018795703,80:3b:64:c9:ba:3f
20191021000420,O0001,1,0.7284242797247246,a2:bd:95:8e:1a:1a
20191021000421,L0001,1,0.8430277618885891,7e:53:d9:8c:72:cd
20191021000422,S0001,1,0.4945337195381902,80:64:9a:81:2d:a5
20191021000423,O0001,1,1.460678706331938,a0:e7:c2:62:30:2e
20191021000424,U0001,1,1.2337309566412094,26:db:0d:8a:63:83
20191021000425,G0001,1,0.45270294660815225,66:c0:fa:b1:b5:d6
20191021000426,M0001,1,0.7164626653445949,a4:05:58:13:25:b2
20191021000427,H0001,1,1.3620345431922267,72:de:fc:c3:ec:95
20191021000428,G0001,1,0.6060741976114354,de:99:93:ee:1f:9d
20191021000429,O0001,1,0.5849552893594132,5a:67:6a:0c:07:a3
20191021000430,V0001,1,0.933211532956126,32:fb:e7:58:23:fa
20191021000431,X0001,1,1.3957799402121678,e8:d6:e9:5a:64:39
20191021000432,F0001,1,1.0798592012172314,fc:f9:ad:36:e5:1a
20191021000433,K0001,1,0.5484091373775548,02:d4:fb:14:55:d0
20191021000434,K0001,1,1.513220823020677,f6:1a:43:0d:69:fc
20191021000435,Q0001,1,0.7241585378988757,dc:c2:fa:a1:f8:ed
20191021000436,I0001,1,0.5177833682250882,84:93:c9:a4:69:f6
20191021000437,I0001,1,1.0436637355075296,16:53:ff:ee:7a:bb
20191021000438,R0001,1,0.8159573508879788,7e:7e:89:81:a6:10
20191021000439,P0001,1,0.9067953375876332,cc:74:57:df:07:6e
20191021000440,L0001,1,1.5632545000619538,1a:65:e3:1b:7d:25
20191021000441,P0001,1,0.45583533200260096,be:ac:49:df:8b:44
20191021000442,B0001,1,0.48801714422043574,ea:3e:32:33:11:06
20191021000443,R0001,1,0.6550536001788145,48:cf:18:ce:72:7e
20191021000444,Y0001,1,0.7004015197971124,82:03:c0:7b:ab:e0
20191021000445,N0001,1,0.9260819958442513,2a:d9:43:18:57:0c
20191021000446,L0001,1,0.6502653669169294,f6:8d:cb:72:5e:4c
20191021000447,H0001,1,0.6576379864135794,90:d9:f1:8c:49:2b
20191021000448,G0001,1,0.9413952262853886,18:db:af:d2:83:83
20191021000449,H0001,1,0.9774637400668214,0c:b9:a6:ee:3a:4e
20191021000450,K0001,1,1.4767633451330007,72:81:df:03:e5:4a
20191021000451,S0001,1,0.5972536363660165,12:7e:f8:5f:3f:a7
20191021000452,O0001,1,0.4865550598989511,52:fe:86:28:49:19
20191021000453,M0001,1,1.1172712659391164,54:00:ae:53:11:78
20191021000454,T0001,1,0.843134907649943,e2:e2:32:1e:5c:d6
20191021000455,Y0001,1,1.0936683259600222,bc:cb:7f:ae:f3:22
20191021000456,E0001,1,1.3663141171280353,96:7d:04:bd:a9:dc
20191021000457,Q0001,1,0.9014578961057155,d2:83:31:94:d4:68
20191021000458,E0001,1,1.426336696167759,14:cf:1e:f6:34:8e
20191021000459,I0001,1,1.3916946156855046,c2:4a:d3:19:f1:11
20191021000500,Y0001,1,0.6212367794195462,62:46:a5:e5:ab:83
20191021000501,G0001,1,1.134593926350965,46:a1:f6:70:15:59
20191021000502,X0001,1,1.3854839291617012,44:5b:1d:aa:60:a2
20191021000503,W0001,1,0.7649349496517815,80:ac:9e:84:34:ed
20191021000504,M0001,1,0.9168174827065209,ea:23:1e:89:8b:00
20191021000505,S0001,1,1.57803983042873,c0:b6:31:64:bc:ce
20191021000506,L0001,1,0.9524363231598973,b6:55:38:a7:ab:28
20191021000507,P0001,1,0.6333657219922022,50:0d:e0:3d:eb:35
20191021000508,J0001,1,1.0897263007286335,ea:c3:59:58:db:b0
20191021000509,G0001,1,1.2005218962684812,3c:d8:6e:0a:3d:e9
20191021000510,O0001,1,0.6177739593833154,e2:dd:b2:4c:01:6b
20191021000511,E0001,1,0.945400498708769,58:a2:35:6d:58:29
20191021000512,L0001,1,1.2493942013480672,28:79:03:cb:7c:98
20191021000513,D0001,1,1.4659477426459482,02:73:67:a5:41:e2
20191021000514,C0001,1,1.377615171819226,a6:5b:29:c5:02:6c
20191021000515,K0001,1,1.4986716332855696,48:b0:5b:84:07:61
20191021000516,Z0001,1,1.2820396380650316,78:26:b7:cd:47:07
20191021000517,N0001,1,0.891877339783915,5c:d3:bd:9c:bf:7f
20191021000518,V0001,1,1.0764880721590377,84:d7:ed:f6:7c:2e
20191021000519,R0001,1,0.6430470450015778,d0:bc:62:00:e3:46
20191021000520,H0001,1,1.0732412954422295,c8:63:22:8f:42:db
20191021000521,H0001,1,0.48852499060975985,c0:06:42:0c:8a:88
20191021000522,X0001,1,0.6273778201915631,12:d8:ce:c7:00:9b
20191021000523,G0001,1,0.5749980610130436,3e:f1:1c:70:79:d5
20191021000524,Q0001,1,1.0053210117476572,20:64:54:be:71:1c
20191021000525,O0001,1,0.7193029354351964,ae:45:1c:1a:2d:e1
20191021000526,L0001,1,1.475764503671437,9c:25:ac:16:57:0c
20191021000527,Y0001,1,0.9644747690308633,dc:e0:fc:ab:58:99
20191021000528,O0001,1,1.5881727779360253,d2:96:b2:c0:b5:59
20191021000529,B0001,1,1.2261178410321136,e0:60:ec:84:50:55
20191021000530,C0001,1,1.0439580216462296,3e:d6:e4:51:d6:6d
20191021000531,A0001,1,0.5110694674728177,48:b8:ff:40:72:ec
20191021000532,V0001,1,0.8705047222325542,34:bc:c0:cc:6c:e7
20191021000533,X0001,1,0.5724234683844989,c0:54:8a:b7:0d:32
20191021000534,X0001,1,0.497598822335193,b2:ef:c0:f9:c8:87
20191021000535,N0001,1,1.2817961593236296,06:ca:7e:88:5e:51
20191021000536,E0001,1,0.9338908343484004,d6:0b:a5:85:f9:c4
20191021000537,L0001,1,0.8756972865389406,e4:b2:86:08:9a:3c
20191021000538,V0001,1,1.3771701547705881,58:d8:9f:b3:ed:29
20191021000539,Z0001,1,0.8548096001620702,2c:dd:b2:6e:14:02
20191021000540,V0001,1,0.6105037807054989,92:da:8d:64:91:dc
20191021000541,Q0001,1,0.8417826756834739,b8:1a:6b:72:f4:2a
20191021000542,J0001,1,0.8764600511600793,aa:ba:f6:a4:4a:62
20191021000543,P0001,1,1.1164353478077704,3e:1d:e5:15:b2:4e
20191021000544,P0001,1,0.44707414565326536,62:19:e4:a5:33:c8
20191021000545,E0001,1,1.3631915393184202,ee:fc:f9:98:25:e1
20191021000546,V0001,1,1.4076009821259832,26:b4:e5:db:2a:c2
20191021000547,E0001,1,0.6357852310919955,d2:c1:11:00:a5:34
20191021000548,E0001,1,1.5894990805240796,b0:ba:4c:a8:a9:3b
20191021000549,T0001,1,0.8450484764284955,7e:e5:ae:62:30:68
20191021000550,I0001,1,0.6392210645234188,00:6c:53:2f:f9:21
20191021000551,B0001,1,0.8323469791575543,3c:97:a0:3f:9e:5b
20191021000552,X0001,1,0.9034421881505964,b2:19:03:da:f5:80
20191021000553,N0001,1,1.5722465149865321,f0:32:f0:7c:94:d1
20191021000554,G0001,1,0.8252081831420793,d2:63:c4:46:22:75
20191021000555,N0001,1,0.789198890160749,52:19:d7:61:f1:c2
20191021000556,N0001,1,0.9180676957450029,ac:f3:96:72:0b:f9
20191021000557,A0001,1,0.7764594763538359,76:ed:8e:d7:e4:30
20191021000558,M0001,1,0.7504986203655525,94:53:29:1f:69:87
20191021000559,G0001,1,0.4588587430278331,4a:38:9a:ac:09:87
20191021000600,C0001,1,0.5930494749404432,02:1f:d9:f0:38:68
20191021000601,E0001,1,1.0873321908997815,76:19:53:8e:ad:db
20191021000602,P0001,1,1.2980465244053563,ea:a2:b4:26:34:ff
20191021000603,V0001,1,1.3290996699042685,20:51:c9:75:cc:54
20191021000604,L0001,1,1.1581252155848925,c8:ed:51:56:5b:4f
20191021000605,G0001,1,0.49588057522121176,24:c6:9f:7b:6c:f5
20191021000606,B0001,1,1.4112288401625839,c0:fc:b7:44:c0:cf
20191021000607,S0001,1,1.0505322948121103,2a:fc:04:1c:ea:28
20191021000608,E0001,1,0.711343531021881,20:4b:6e:16:83:b2
20191021000609,Z0001,1,1.1591385728519168,54:17:39:5d:f2:8a
20191021000610,S0001,1,0.7646823012696274,ce:b2:19:ca:21:a7
20191021000611,D0001,1,0.8941181922185766,66:6b:5a:b0:42:e4
20191021000612,U0001,1,1.3882483399616647,82:96:0d:67:0b:be
20191021000613,R0001,1,0.48076487460822875,8a:15:8d:ba:21:8d
20191021000614,O0001,1,0.6193542251893313,1c:a6:b0:fa:8f:bb
20191021000615,A0001,1,0.8061201508944141,5c:d9:e3:43:bd:cd
20191021000616,H0001,1,0.6088065914109558,5a:23:ec:d7:07:5b
20191021000617,B0001,1,0.7096387928388557,e2:9b:e4:c0:49:66
20191021000618,E0001,1,1.237224874242183,f4:13:c1:eb:d1:c8
20191021000619,C0001,1,0.9003335870156107,6e:29:b8:f7:39:7e
20191021000620,D0001,1,1.3417617582205328,f8:ca:a0:5b:65:44
20191021000621,V0001,1,1.404478036407353,b2:f7:38:84:67:7d
20191021000622,S0001,1,0.6169373503910451,04:d2:4f:8d:08:a8
20191021000623,F0001,1,0.5194823269023626,ee:de:9f:c1:3d:e3
20191021000624,A0001,1,0.605536801952921,c8:6d:7a:a9:34:37
20191021000625,R0001,1,0.5596580161546981,aa:83:48:48:eb:19
20191021000626,F0001,1,0.7601643996137116,7e:a5:8a:b2:ef:6a
20191021000627,Z0001,1,0.9238850112303473,26:ad:38:ae:4d:90
20191021000628,K0001,1,0.6419066085498699,f0:07:20:9e:27:aa
20191021000629,O0001,1,0.7571701470617431,fe:1e:82:83:1e:56
20191021000630,A0001,1,0.905549030542629,c2:d4:d6:b6:9e:f7
20191021000631,O0001,1,0.7388469978290474,10:d3:14:68:29:02
20191021000632,M0001,1,0.7428138566740902,7c:b5:c2:4b:60:11
20191021000633,M0001,1,0.9155252546822995,4a:d3:09:6e:93:8f
20191021000634,P0001,1,0.7365370439847327,5e:49:b5:28:02:ee
20191021000635,A0001,1,0.5206584925034032,fe:be:ec:55:6b:8a
20191021000636,C0001,1,0.9396440899570901,da:5c:86:49:e5:aa
20191021000637,S0001,1,1.4669344711762355,46:2d:c9:9d:91:8a
20191021000638,M0001,1,0.6584489260984688,a2:ad:6d:03:27:67
20191021000639,A0001,1,1.4283355059733331,70:9e:3c:99:00:dc
20191021000640,L0001,1,1.1933569279812608,50:a1:54:04:a8:9d
20191021000641,N0001,1,0.48166582158915866,30:52:1a:0c:a0:b1
20191021000642,Y0001,1,0.8622092680419341,f0:d2:57:2b:3e:d9
20191021000643,A0001,1,1.5294342241328642,70:11:56:72:e5:cb
20191021000644,I0001,1,1.4371170366027877,4e:3d:1c:37:9d:c4
20191021000645,L0001,1,0.6618961954282759,30:91:14:3c:85:24
20191021000646,Y0001,1,1.2720975149635163,4e:86:76:b1:e9:62
20191021000647,U0001,1,0.8127290709916077,08:66:91:d3:e2:65
20191021000648,R0001,1,1.377310481159484,34:99:49:63:dc:c5
20191021000649,R0001,1,0.7439638497551985,2c:9f:24:93:e3:e6
20191021000650,M0001,1,1.0652686722799571,d6:52:62:b8:f8:87
20191021000651,E0001,1,1.1942136046799203,12:64:2a:55:67:4d
20191021000652,L0001,1,1.1559381511861881,78:9a:f0:40:4d:05
20191021000653,U0001,1,1.2269417274314245,54:73:a7:e4:88:9d
20191021000654,L0001,1,0.6133677564547484,92:2b:cb:df:89:e9
20191021000655,N0001,1,1.4658565660627183,cc:61:9d:9c:52:d0
20191021000656,A0001,1,0.4951583691075998,aa:a3:c7:53:e1:1d
20191021000657,Q0001,1,0.949653560405967,e2:a0:a7:17:dc:1a
20191021000658,X0001,1,0.9299543106047775,e8:67:ed:8a:fe:71
20191021000659,V0001,1,0.4589066718187613,22:67:ee:a4:7d:3d
20191021000700,T0001,1,0.9775142762032,70:c5:87:2c:78:0c
20191021000701,Q0001,1,1.0705296651226368,86:94:65:74:d3:2c
20191021000702,L0001,1,0.8175276463989668,f4:2b:a0:ea:05:40
20191021000703,X0001,1,0.6357575790365915,0a:dc:03:45:16:44
20191021000704,P0001,1,1.4587448661971063,52:c5:3a:6d:cc:28
20191021000705,O0001,1,0.6850583974961256,4e:41:d2:7f:b9:95
20191021000706,J0001,1,0.8946731593257184,e2:1a:a6:1b:ce:2c
20191021000707,W0001,1,1.2538901322032978,52:56:cb:75:f6:df
20191021000708,M0001,1,1.2047249482190372,b4:30:ae:26:7f:70
20191021000709,S0001,1,1.5577865893480969,bc:18:12:1c:05:e1
20191021000710,Z0001,1,0.7425755700155633,4c:6f:13:1e:e0:a5
20191021000711,W0001,1,0.6862820410739545,e2:e8:c1:e6:af:bc
20191021000712,A0001,1,1.460761092551716,a0:2d:98:59:b2:6f
20191021000713,F0001,1,1.0823707265155624,b4:0a:f5:26:77:5c
20191021000714,K0001,1,0.8583666505744355,ae:5b:91:71:62:19
20191021000715,V0001,1,0.6428616948173425,a2:35:da:1b:cc:55
20191021000716,B0001,1,0.707418985884685,7c:c9:f0:96:0d:29
20191021000717,J0001,1,1.5223948042919542,90:25:d5:9d:69:bb
20191021000718,K0001,1,0.6397587968144123,76:a1:f8:05:da:65
20191021000719,T0001,1,0.4813253296629293,0e:f1:f8:f2:f4:b6
20191021000720,Q0001,1,1.5798495453769166,8a:3a:5c:6d:fe:da
20191021000721,U0001,1,1.2539428785354578,66:4b:12:00:69:5f
20191021000722,K0001,1,1.3148959372110374,8e:f5:fd:d0:fa:4e
20191021000723,N0001,1,0.7581325481701896,b4:3e:ed:76:ce:47
20191021000724,T0001,1,0.7022620643361559,e4:49:04:fc:eb:ff
20191021000725,F0001,1,1.116573464505092,f2:2e:2d:88:6f:c7
20191021000726,P0001,1,1.2417731964830208,10:22:ba:05:35:b1
20191021000727,O0001,1,0.5977957268092066,fc:05:be:a6:54:c8
20191021000728,R0001,1,0.7714067170533948,be:82:84:c7:10:c5
20191021000729,C0001,1,1.033409766668629,ee:02:b7:4d:d2:cc
20191021000730,S0001,1,0.7283642791910536,72:b9:ae:98:b8:d6
20191021000731,S0001,1,1.576734746423421,3a:d6:fc:9f:88:40
20191021000732,E0001,1,0.8318365047404643,d8:85:79:45:80:a9
20191021000733,K0001,1,0.7817895956037938,0a:2c:29:0f:63:71
20191021000734,F0001,1,0.8095424328374644,4e:75:03:df:19:b8
20191021000735,C0001,1,0.6545021359699782,8a:ae:55:26:69:d2
20191021000736,L0001,1,0.6543985333713422,24:5d:07:eb:11:e7
20191021000737,N0001,1,0.8824393408362571,86:f1:dd:92:0d:10
20191021000738,I0001,1,0.75359721091549,82:50:af:34:f8:7a
20191021000739,A0001,1,0.4837690871466245,80:4d:24:43:cb:31
20191021000740,Q0001,1,0.6659012160299537,38:7a:1e:f1:56:22
20191021000741,W0001,1,0.5501146871378463,d8:49:c9:74:52:4f
20191021000742,U0001,1,1.0356206965420853,48:28:aa:10:2d:f3
20191021000743,Y0001,1,1.0238651864083257,1c:d3:4f:36:0f:33
20191021000744,Q0001,1,0.8400752753888193,ec:dd:34:1a:2c:2f
20191021000745,L0001,1,0.8492044417842236,ee:65:d8:03:b3:57
20191021000746,G0001,1,1.5077518634602203,d8:95:3d:ce:ec:66
20191021000747,C0001,1,0.5627433003487435,92:51:d0:19:e2:09
20191021000748,E0001,1,1.2499582243916434,f0:e7:ad:44:a8:d9
20191021000749,L0001,1,0.4503092592526454,4a:74:e3:cf:6a:f9
20191021000750,W0001,1,0.6658908773621273,94:ed:b7:40:db:37
20191021000751,P0001,1,1.169799277900684,c2:d0:62:53:d7:3b
20191021000752,M0001,1,1.48755829324205,f4:24:85:c7:74:e8
20191021000753,D0001,1,1.0630925948010597,a8:2f:14:65:a1:4a
20191021000754,O0001,1,1.515117852961187,ea:e8:07:a9:a4:e8
20191021000755,U0001,1,0.7585817308279271,18:9c:43:db:28:71
20191021000756,D0001,1,0.49662923912683954,c4:2a:3c:77:ce:6c
20191021000757,Q0001,1,0.4989681901954164,cc:be:a7:26:5c:7a
20191021000758,N0001,1,0.7988207662472263,cc:84:cc:aa:af:94
20191021000759,F0001,1,0.842036259351417,d4:1f:1c:1f:f7:fa
20191021000800,W0001,1,0.6378441221291752,dc:3d:8a:e3:17:64
20191021000801,O0001,1,0.7955324728056727,52:80:0f:66:c5:c0
20191021000802,W0001,1,1.4834710116581635,52:1e:4d:b6:71:19
20191021000803,Q0001,1,1.5452868166013343,8e:8b:e2:54:c9:d9
20191021000804,B0001,1,1.4800834760746857,8a:3e:e7:ae:e4:95
20191021000805,J0001,1,0.5010371895693113,5a:bb:f7:2d:a8:59
20191021000806,M0001,1,0.5346266667171462,4e:7a:66:fe:a2:fb
20191021000807,T0001,1,0.5321706664168165,a0:b3:de:ed:ac:8c
20191021000808,V0001,1,1.5666884587548122,26:fd:c8:67:b7:2e
20191021000809,G0001,1,0.8818331692053617,82:00:c8:06:86:d1
20191021000810,T0001,1,0.895471117561704,26:52:7f:05:14:05
20191021000811,R0001,1,1.5179087033499483,34:e7:23:29:15:1a
20191021000812,Q0001,1,0.7828148045968276,e8:ef:ad:a9:a8:23
20191021000813,I0001,1,0.8348918585067613,98:40:d0:e5:7d:4d
20191021000814,M0001,1,0.731533499129943,ce:82:f8:ed:9c:e6
20191021000815,M0001,1,0.9362614485737794,96:35:db:fb:ed:00
20191021000816,O0001,1,0.8100118323206096,1a:1c:3b:ac:26:bc
20191021000817,E0001,1,1.130849989029548,54:dd:e1:b8:74:1c
20191021000818,K0001,1,1.238285955209683,26:ee:a7:a6:58:e1
20191021000819,B0001,1,1.2818567763020832,40:fb:36:25:e4:04
20191021000820,Z0001,1,0.5023673352644495,30:26:52:41:3d:e1
20191021000821,K0001,1,0.47417509912932465,ec:8c:30:8f:0d:12
20191021000822,V0001,1,0.5396660604537438,4e:fd:4e:e7:e4:8e
20191021000823,B0001,1,1.438980513440948,22:3e:19:48:84:08
20191021000824,Q0001,1,0.9467736388647974,04:e7:1c:c4:03:c3
20191021000825,Y0001,1,0.7153325327396639,d2:a2:87:0a:7c:f7
20191021000826,I0001,1,0.6751556796421421,da:44:ed:8d:f6:6f
20191021000827,I0001,1,0.4551174647627619,e8:65:95:e7:00:ab
20191021000828,H0001,1,0.84007712997214,46:d8:c8:7f:d7:5a
20191021000829,R0001,1,0.6436863757989293,64:e8:0f:0a:68:cc
20191021000830,W0001,1,1.2888066546903483,32:c1:d4:16:0d:f0
20191021000831,C0001,1,1.295870224975739,5e:41:4b:a4:df:ff
20191021000832,K0001,1,0.9026113264797686,9a:7f:ce:4f:4e:10
20191021000833,T0001,1,0.8044336215478307,e4:ab:c0:f2:33:b8
20191021000834,L0001,1,1.076741621687397,4e:42:b1:9b:d9:5a
20191021000835,O0001,1,1.5460938094939036,42:08:55:86:88:ab
20191021000836,L0001,1,0.88514345121023,ac:77:43:25:a9:8d
20191021000837,M0001,1,0.7512352445866675,02:7c:ef:08:7a:fe
20191021000838,E0001,1,0.9959036211706057,e4:ad:d7:1f:e1:5c
20191021000839,T0001,1,0.4793597298092176,1a:27:23:37:41:b1
20191021000840,D0001,1,1.5459542469981318,58:a5:56:ea:02:2d
20191021000841,N0001,1,0.9332083510173484,a0:a6:43:de:5d:8b
20191021000842,P0001,1,0.9739780874692883,d8:a8:fb:b6:e0:8a
20191021000843,V0001,1,1.5113273644036873,78:3a:af:e5:b5:9c
20191021000844,J0001,1,0.6204752825592164,de:8a:51:01:2f:6f
20191021000845,B0001,1,0.5889204876627132,ea:8d:76:d9:31:2f
20191021000846,O0001,1,1.5298111935698118,86:6c:b2:82:eb:35
20191021000847,K0001,1,1.439368505030798,8e:fc:aa:25:10:a6
20191021000848,G0001,1,1.5024826709540606,6c:bd:26:80:0a:49
20191021000849,E0001,1,0.5604401973783244,70:b5:9f:25:2b:cc
20191021000850,K0001,1,1.0372270448513339,f6:37:3f:74:a0:14
20191021000851,U0001,1,0.872896920796923,84:c8:bd:65:b0:95
20191021000852,Z0001,1,0.5819493190230753,d4:1b:09:e8:67:00
20191021000853,D0001,1,1.4750984096327333,5a:f0:38:85:b0:b4
20191021000854,J0001,1,0.49597484436132705,0e:13:a3:67:6e:7f
20191021000855,G0001,1,1.5097033101566821,60:7c:ba:de:08:be
20191021000856,Q0001,1,0.8577082928014536,b0:48:84:1e:40:ac
20191021000857,A0001,1,1.331955164906543,f2:a9:bb:ec:92:07
20191021000858,T0001,1,1.441073466917639,ee:22:32:0d:e1:ea
20191021000859,M0001,1,0.8428908444112535,54:2a:5d:70:70:34
20191021000900,A0001,1,1.3988283345089356,3a:c5:71:b5:58:27
20191021000901,J0001,1,0.45226096151183826,22:ef:e9:27:98:67
20191021000902,C0001,1,0.5167233518560529,e2:41:1e:80:77:8d
20191021000903,P0001,1,0.7958234816906448,cc:ce:54:55:5f:20
20191021000904,T0001,1,0.71559987652885,72:6e:72:05:fe:fa
20191021000905,U0001,1,1.5301441284997688,48:88:fa:13:dc:af
20191021000906,X0001,1,1.5235952841721982,2c:fa:a9:e1:a0:f7
20191021000907,L0001,1,0.9079322171260489,ac:03:e0:86:76:3d
20191021000908,V0001,1,0.6597933103788519,d0:5d:db:58:00:e9
20191021000909,K0001,1,1.4007841310462292,40:c1:20:be:5f:0b
20191021000910,J0001,1,0.7443675872660974,96:67:43:a5:50:20
20191021000911,M0001,1,0.5806083621193759,a6:09:78:3e:69:9c
20191021000912,E0001,1,0.529993040768776,08:70:7e:b8:62:3f
20191021000913,M0001,1,0.63233766430942,2a:4d:19:58:48:01
20191021000914,K0001,1,0.9285508969460052,1a:33:6f:16:81:6a
20191021000915,U0001,1,1.5640444228146273,8c:ed:b0:d4:29:ca
20191021000916,H0001,1,0.5265217451890398,8c:a4:1b:41:33:15
20191021000917,B0001,1,0.7121695360002958,4c:11:3f:af:bc:20
20191021000918,K0001,1,0.6138595795027133,d4:46:8a:f2:9a:99
20191021000919,U0001,1,0.98956006144703,f0:b2:70:b0:de:e3
20191021000920,L0001,1,0.7867612190093436,fa:4d:d3:64:e3:65
20191021000921,K0001,1,0.6891099867701158,86:77:37:80:99:3c
20191021000922,F0001,1,0.6608339475109645,a4:fe:0c:48:6d:2d
20191021000923,R0001,1,0.5946798454324033,da:1c:2b:54:5e:5e
20191021000924,H0001,1,0.6426117595878812,1c:b5:7e:40:0d:fc
20191021000925,A0001,1,1.3992718984457158,a6:d6:ef:79:29:f8
20191021000926,T0001,1,1.5267855790452922,18:9d:ba:60:42:d8
20191021000927,W0001,1,1.0154488860264888,1a:1a:b7:2a:e2:63
20191021000928,T0001,1,0.7809865994432728,6e:4f:40:2e:cb:12
20191021000929,C0001,1,0.6001340656622479,d4:5d:92:17:76:c1
20191021000930,E0001,1,1.4507792325268205,ae:67:29:62:e7:88
20191021000931,X0001,1,1.0608562378623811,82:a9:9b:15:b8:d0
20191021000932,F0001,1,0.7488723985327584,de:b1:64:fd:f5:62
20191021000933,N0001,1,0.7590828921115169,48:9f:44:ef:8b:a8
20191021000934,K0001,1,0.5806241577410165,5c:a3:78:88:9c:ec
20191021000935,M0001,1,0.960828169793292,12:04:a7:c9:2c:b0
20191021000936,X0001,1,0.7490946435702261,5c:43:21:d3:cd:42
20191021000937,S0001,1,0.6966413724604309,82:b0:86:ff:7b:c8
20191021000938,D0001,1,0.6107966173414434,ce:c6:ed:11:4a:40
20191021000939,O0001,1,0.7248831739819767,dc:29:85:b1:72:9e
20191021000940,V0001,1,0.7276544684036145,84:2a:88:db:d7:7c
20191021000941,X0001,1,1.2874634887928396,9e:9b:7d:2d:d4:18
20191021000942,M0001,1,0.5649886783803015,62:41:d5:bd:7e:3a
20191021000943,C0001,1,0.8590700990177804,3a:9f:35:d1:54:bd
20191021000944,V0001,1,0.6844777621786093,f4:3b:3b:9b:4d:fe
20191021000945,V0001,1,0.7467445306043555,6e:0f:ce:48:86:52
20191021000946,U0001,1,1.4307728855087671,50:3c:7d:42:21:24
20191021000947,D0001,1,1.4228681503280527,a0:2d:0d:dd:43:8f
20191021000948,J0001,1,1.4244326592895873,2c:ff:77:39:49:76
20191021000949,S0001,1,0.8097369574364548,62:fc:7e:80:33:03
20191021000950,A0001,1,0.5941444706188267,82:57:08:89:55:22
20191021000951,B0001,1,0.4804416984963949,70:c2:8d:8a:cb:b1
20191021000952,O0001,1,0.7196871276070952,90:ac:f7:b0:e5:21
20191021000953,C0001,1,1.109660893618505,1e:aa:b9:b6:8b:30
20191021000954,A0001,1,0.8163813270895415,16:28:71:4a:ea:cc
20191021000955,P0001,1,1.5835889725632248,40:f9:bb:b0:4a:c3
20191021000956,T0001,1,0.7386745315811892,82:1b:b7:d3:b7:e1
20191021000957,Z0001,1,1.4499395271643412,fa:b5:48:e5:8f:d0
20191021000958,G0001,1,0.546029195273525,58:12:c0:ab:c5:0c
20191021000959,P0001,1,0.6916874163219933,b4:32:2f:87:65:14
20191021001000,V0001,1,0.5318947879217261,48:62:b5:19:04:50
20191021001001,E0001,1,1.2801428037897438,42:e2:7c:08:6e:45
20191021001002,B0001,1,1.2880817959297852,82:f3:7d:33:92:7c
20191021001003,V0001,1,0.983744958576208,da:af:a5:d8:a5:ee
20191021001004,M0001,1,1.0126068696925272,be:51:47:27:4a:f7
20191021001005,Z0001,1,0.9582503269848502,2a:ec:5e:f7:7d:24
20191021001006,L0001,1,1.3387742009889831,10:af:f6:72:61:60
20191021001007,V0001,1,1.0482042204579274,28:e6:94:31:e9:c4
20191021001008,C0001,1,0.48624328592934185,1e:71:71:12:b2:ce
20191021001009,L0001,1,1.4390657808680558,4c:cb:48:dc:51:55
20191021001010,C0001,1,1.0729990246621048,48:23:48:40:2d:8d
20191021001011,X0001,1,1.2885395109748998,cc:b0:fc:dd:56:a4
20191021001012,B0001,1,0.743935436832081,a8:ac:bb:a8:f7:f2
20191021001013,A0001,1,0.4773710015213788,78:11:b9:93:e4:24
20191021001014,S0001,1,1.4908425456297418,c0:4e:cb:54:e7:21
20191021001015,U0001,1,0.5311342446741152,a4:7e:6e:33:3a:f1
20191021001016,B0001,1,1.318388459597885,4a:8e:ff:7f:13:3f
20191021001017,D0001,1,0.7694588186864596,7c:97:1f:74:cd:70
20191021001018,M0001,1,0.5559126661230259,04:f9:d0:d6:01:1c
20191021001019,H0001,1,1.320260716318714,72:70:3b:be:be:fc
20191021001020,O0001,1,1.4012079162431619,78:df:d8:f3:cd:78
20191021001021,C0001,1,0.9515524217806423,c2:7d:11:d9:7b:13
20191021001022,R0001,1,0.4663121113725971,8a:7e:63:3a:cc:0e
20191021001023,D0001,1,1.233594522574865,0a:7c:7a:49:b7:eb
20191021001024,T0001,1,0.9978546211155951,28:2c:e9:0e:1f:ee
20191021001025,H0001,1,0.862770763902155,6c:67:1b:01:cd:f7
20191021001026,Y0001,1,1.5093132409813546,d4:05:84:86:84:36
20191021001027,G0001,1,0.6280496305870079,98:52:19:30:e5:06
20191021001028,N0001,1,1.1672975450389342,fc:2a:07:1c:49:d1
20191021001029,Z0001,1,0.856579952954291,a6:13:f7:c5:f5:4e
20191021001030,C0001,1,0.7068867922094794,82:95:3d:fa:56:34
20191021001031,F0001,1,0.6933576957040176,8e:30:28:de:d4:92
20191021001032,Z0001,1,1.516028731184052,22:16:96:3a:ba:55
20191021001033,S0001,1,1.3603423693245031,96:de:1c:54:6f:c5
20191021001034,V0001,1,0.6314268103950427,6e:fe:a4:3c:45:1c
20191021001035,I0001,1,0.8660731398863825,c0:9f:72:42:bc:67
20191021001036,Z0001,1,1.4084052098934554,8c:ab:be:20:ad:c9
20191021001037,T0001,1,0.4464516309966947,a4:37:b9:63:57:34
20191021001038,E0001,1,0.780296426599114,c2:ad:de:ed:35:85
20191021001039,Q0001,1,0.45002135954173716,26:4f:41:30:a7:58
20191021001040,M0001,1,0.7311622141696293,12:37:71:52:12:6b
20191021001041,G0001,1,0.49758870571142144,30:63:fc:1d:fd:38
20191021001042,M0001,1,0.7413111758315336,6e:2b:3c:df:0d:11
20191021001043,L0001,1,0.7696658529099369,a6:aa:c1:ad:f1:df
20191021001044,Z0001,1,0.7174292139976876,86:f1:9d:b6:96:27
20191021001045,L0001,1,1.3199387111285987,6c:a1:7a:6b:46:79
20191021001046,C0001,1,0.6174205446426768,f8:37:a5:a6:62:67
20191021001047,C0001,1,1.4767292148234048,7c:f8:7c:d4:3c:e1
20191021001048,L0001,1,0.9729011188356663,00:3c:0c:70:e8:00
20191021001049,D0001,1,0.9269234035903771,c4:36:df:3c:6c:5e
20191021001050,B0001,1,0.4710027055410435,d4:c9:1e:d1:7a:ae
20191021001051,P0001,1,1.0946088438981536,cc:cb:05:2f:68:ea
20191021001052,Y0001,1,1.4416250909331807,da:cf:12:cc:57:21
20191021001053,B0001,1,1.452872012833535,92:d0:9c:5c:46:80
20191021001054,Y0001,1,1.4023808543363938,80:73:d8:10:d8:11
20191021001055,A0001,1,1.4245984683376665,ee:46:f9:70:3d:10
20191021001056,O0001,1,0.48130290325900466,7a:ad:b6:79:0d:fb
20191021001057,V0001,1,0.8562369678797491,c2:56:81:e2:cd:1c
20191021001058,W0001,1,0.6567028965124364,92:24:94:49:be:bc
20191021001059,H0001,1,0.5847156848456765,fc:c4:ca:c5:f4:63
20191021001100,X0001,1,1.3321099735372368,82:cf:54:4f:f8:8c
20191021001101,G0001,1,0.5639518571868836,d6:57:5a:76:e9:40
20191021001102,Z0001,1,1.5069188067447716,82:f0:64:0e:b8:0a
20191021001103,C0001,1,0.9030408328505767,24:8f:db:83:ab:37
20191021001104,N0001,1,0.4716743810738764,da:a1:df:32:26:db
20191021001105,Y0001,1,1.1155205855419363,86:c9:f2:0e:58:5a
20191021001106,P0001,1,0.8831904058002544,b0:cb:02:db:6e:2c
20191021001107,Q0001,1,1.5890112271249044,74:d4:6d:3c:63:6e
20191021001108,G0001,1,1.231378937498874,66:48:66:7d:48:80
20191021001109,M0001,1,0.5484842962871921,32:74:fe:f8:6d:d5
20191021001110,P0001,1,0.9866352508530495,bc:6b:cd:40:3d:2e
20191021001111,V0001,1,1.1048439296214778,02:41:26:d8:bd:21
20191021001112,F0001,1,0.9475622777323447,64:ff:5f:b7:4e:a1
20191021001113,C0001,1,1.4577256283898001,04:5e:ab:56:d4:8f
20191021001114,V0001,1,0.8301353872021868,4c:9b:94:05:b5:54
20191021001115,G0001,1,0.5217470888869488,32:34:6a:8c:7c:5e
20191021001116,K0001,1,0.5680680546051362,d2:8c:d2:d8:ea:23
20191021001117,Q0001,1,0.6467322638874902,40:bf:26:95:d3:a2
20191021001118,B0001,1,0.7380774176607175,06:97:0f:2b:a9:a5
20191021001119,F0001,1,0.6140166127510777,be:90:27:07:c5:ee
20191021001120,F0001,1,1.4179835793173419,ea:05:3e:f6:89:0a
20191021001121,W0001,1,0.7988287057918773,e0:b0:81:42:9f:45
20191021001122,Q0001,1,0.5265486282927387,9c:06:62:94:95:cb
20191021001123,S0001,1,0.6454623245935999,1a:f6:02:b3:da:3b
20191021001124,G0001,1,0.6061048554094373,c2:89:9d:89:5d:c5
20191021001125,V0001,1,0.5080623408406095,3a:8e:8f:6d:53:89
20191021001126,E0001,1,0.48820658774225373,2a:96:a6:6c:27:a6
20191021001127,T0001,1,0.6435198017616465,72:c3:f1:8c:e6:43
20191021001128,U0001,1,0.7706062208877614,b8:60:41:3d:35:b4
20191021001129,Z0001,1,0.6727699251481353,e2:77:cb:11:c0:aa
20191021001130,G0001,1,1.576897197494359,e4:e3:7f:8f:9b:c8
20191021001131,V0001,1,0.5759904971835629,56:27:7b:97:a8:de
20191021001132,D0001,1,0.5206887502802131,6a:64:c0:fd:38:f9
20191021001133,K0001,1,0.9387281955954433,c4:99:56:a5:aa:7b
20191021001134,C0001,1,0.8669385750780167,6a:5b:7c:ce:49:35
20191021001135,G0001,1,1.3669212341473618,e6:93:1c:7e:7e:dc
20191021001136,R0001,1,0.6871332528303952,90:bc:4b:91:83:81
20191021001137,E0001,1,1.5602220878963902,ee:c7:96:3c:c6:61
20191021001138,X0001,1,0.7404688864410254,5e:57:8d:6b:32:d2
20191021001139,K0001,1,0.731409589386774,7e:61:29:89:1e:4f
20191021001140,Y0001,1,0.5631655948924997,04:ab:01:e4:26:04
20191021001141,R0001,1,0.8549707966236185,bc:59:82:5a:8f:d5
20191021001142,O0001,1,0.630725344637461,7e:ba:3d:2b:e6:80
20191021001143,U0001,1,0.931925590095267,1a:27:13:00:41:ec
20191021001144,Y0001,1,0.6628771122727309,98:aa:69:ab:78:e9
20191021001145,S0001,1,0.6280756977758345,76:4d:7c:8f:48:23
20191021001146,Y0001,1,0.5981912627867381,d4:93:34:bb:30:30
20191021001147,Y0001,1,1.023390887902657,06:d4:89:3e:b8:b1
20191021001148,R0001,1,0.9225948046499586,82:17:2e:ed:bb:65
20191021001149,J0001,1,0.4811858128633161,24:18:13:31:25:95
20191021001150,J0001,1,1.4029530333197227,ca:92:32:ed:63:dc
20191021001151,E0001,1,1.2187682026319149,f2:52:41:e0:06:81
20191021001152,R0001,1,0.9212849083985277,ae:60:71:aa:cf:c1
20191021001153,F0001,1,0.5928149276280357,6a:28:39:5b:da:7d
20191021001154,R0001,1,0.859009341021516,14:60:e2:31:34:72
20191021001155,W0001,1,0.6456239749423,f2:a4:42:e1:43:75
20191021001156,S0001,1,1.3821547958748301,e2:8b:45:a4:37:ff
20191021001157,Z0001,1,1.4740641214136478,2e:b3:c0:80:87:1c
20191021001158,P0001,1,0.6938222778951717,02:7c:71:76:76:24
20191021001159,Z0001,1,0.5980373856335895,da:7c:08:6d:e4:44
20191021001200,E0001,1,0.7476118765205007,bc:fd:1b:3c:b6:ea
20191021001201,K0001,1,0.8259317243059991,4c:4a:78:be:b0:22
20191021001202,U0001,1,1.3317303509251717,06:72:9f:99:cb:7d
20191021001203,P0001,1,0.7329282232471428,02:cd:56:bb:57:83
20191021001204,E0001,1,0.8930879120542398,d8:20:49:14:6c:e9
20191021001205,B0001,1,0.4870834891560019,80:fc:38:36:5b:96
20191021001206,R0001,1,1.3425958828233873,a8:10:29:3a:05:9a
20191021001207,W0001,1,0.9993435512617154,f0:fd:b9:a5:25:c8
20191021001208,G0001,1,0.6182074578036088,38:b7:db:94:27:e1
20191021001209,C0001,1,0.7419682038692869,a8:71:5e:a6:39:7f
20191021001210,R0001,1,0.5236848110844577,68:da:f2:68:cb:59
20191021001211,Z0001,1,0.9421660170725517,7c:48:97:0a:a3:ef
20191021001212,Q0001,1,0.9234862638657202,8c:65:87:24:f8:c3
20191021001213,Y0001,1,1.3539699040544904,a4:ee:82:5e:ce:e1
20191021001214,K0001,1,1.372830448329683,70:09:f9:fe:ba:33
20191021001215,K0001,1,0.8768609126678226,48:70:de:19:8d:79
20191021001216,R0001,1,0.5541751905910248,f2:9d:a2:97:4e:09
20191021001217,A0001,1,0.7008845707806051,80:e0:f1:38:40:9e
20191021001218,Y0001,1,0.4742678529422031,94:b8:8b:12:62:2d
20191021001219,X0001,1,1.474931053686239,8a:e1:3b:c9:82:96
20191021001220,C0001,1,0.6373422228396775,86:67:31:40:86:43
20191021001221,U0001,1,0.8995925185240911,82:3a:d2:10:0e:a0
20191021001222,U0001,1,1.248068288422218,2a:c4:c3:dd:cc:79
20191021001223,G0001,1,0.8595497137692479,86:96:ef:c5:ea:80
20191021001224,L0001,1,0.5156973520062732,38:f3:88:d7:6b:e0
20191021001225,X0001,1,0.8306059430876869,36:44:41:b4:78:ac
20191021001226,V0001,1,1.4293609921954793,5e:4d:6d:f6:fa:df
20191021001227,D0001,1,1.083040741833072,16:0a:4b:58:4c:49
20191021001228,X0001,1,1.1218347544276013,46:79:27:d9:95:d3
20191021001229,Z0001,1,0.7806806890526332,00:74:ed:cd:6a:d4
20191021001230,U0001,1,0.9210983567598069,bc:a0:3b:1f:ed:88
20191021001231,B0001,1,0.6408942556825385,28:f1:21:05:ae:8f
20191021001232,F0001,1,0.7803282223531851,be:e1:45:af:5b:6b
20191021001233,O0001,1,1.123961497332959,3a:80:ef:47:bc:ec
20191021001234,J0001,1,1.1680612448659073,70:82:03:d9:1f:b6
20191021001235,E0001,1,0.8929497492117267,7a:19:6e:be:ef:cd
20191021001236,K0001,1,1.369765071306114,28:11:a4:3a:2f:ab
20191021001237,T0001,1,0.5711984832653335,96:b8:fa:24:7b:29
20191021001238,A0001,1,1.3312172582942259,b4:62:25:6b:25:3c
20191021001239,J0001,1,1.3046490240944448,d4:22:82:8a:2f:09
20191021001240,Q0001,1,1.5837530157738229,24:2e:1f:ab:d3:76
20191021001241,X0001,1,1.244251549695791,e6:c6:1b:ad:ee:6c
20191021001242,T0001,1,0.8266053875735531,a6:d3:a5:d9:b8:ee
20191021001243,R0001,1,0.8091934647272219,f0:a6:9c:f2:6d:ec
20191021001244,P0001,1,1.2979223969459468,f6:b0:9b:53:bf:e6
20191021001245,G0001,1,0.8642616890830891,62:1b:29:bf:c9:ab
20191021001246,A0001,1,1.0241318527152496,0a:f1:a5:73:02:d6
20191021001247,L0001,1,0.557692246786439,d0:26:92:fe:11:81
20191021001248,P0001,1,1.3525627632398138,02:ba:ad:c1:d5:f7
20191021001249,J0001,1,0.5108074308280284,80:5a:de:a6:6a:d1
20191021001250,V0001,1,0.4648352587867343,fa:a1:ca:ac:ae:04
20191021001251,N0001,1,0.7252345046069928,4a:8f:32:1e:1d:71
20191021001252,W0001,1,0.6990237730346168,08:5b:11:95:bc:7d
20191021001253,S0001,1,0.823824024828028,28:e5:63:6e:88:9f
20191021001254,A0001,1,0.6637177973797818,a6:99:37:79:82:f7
20191021001255,C0001,1,1.5459435567319804,8e:de:d3:18:77:bd
20191021001256,V0001,1,0.7713747686166379,ee:19:d7:f4:cc:67
20191021001257,B0001,1,0.6968746084386629,82:4f:db:c8:99:b9
20191021001258,S0001,1,0.5678546467164676,a0:5e:9d:59:9e:75
20191021001259,P0001,1,0.7537421229431736,5e:b8:50:95:6f:71
20191021001300,L0001,1,0.8515681156208096,6e:69:3a:f7:0b:d4
20191021001301,F0001,1,0.7377239260516003,56:e0:99:bc:d0:c5
20191021001302,T0001,1,1.0188903576072967,48:f1:c6:49:b2:5c
20191021001303,G0001,1,1.2858794879831978,52:1d:22:1d:c3:7b
20191021001304,Z0001,1,0.9432780912376372,f0:1d:90:74:69:79
20191021001305,A0001,1,0.937763876036452,6c:f9:c1:7b:98:5f
